INFO: [VRFC 10-2263] Analyzing Verilog file "D:/dds_project_all/deneme4/deneme4.srcs/sources_1/new/axis_scaler.v" into library xil_defaultlib
INFO: [VRFC 10-311] analyzing module axis_scaler
INFO: [VRFC 10-2263] Analyzing Verilog file "D:/dds_project_all/deneme4/deneme4.srcs/sources_1/new/dac_controller.v" into library xil_defaultlib
INFO: [VRFC 10-311] analyzing module dac_controller
INFO: [VRFC 10-2263] Analyzing Verilog file "D:/dds_project_all/deneme4/deneme4.srcs/sources_1/new/packet_parser.v" into library xil_defaultlib
INFO: [VRFC 10-311] analyzing module packet_parser
INFO: [VRFC 10-2263] Analyzing Verilog file "D:/dds_project_all/deneme4/deneme4.srcs/sources_1/new/spi_master_ad5791.v" into library xil_defaultlib
INFO: [VRFC 10-311] analyzing module spi_master_ad5791
INFO: [VRFC 10-2263] Analyzing Verilog file "D:/dds_project_all/deneme4/deneme4.srcs/sources_1/new/uartrx.v" into library xil_defaultlib
INFO: [VRFC 10-311] analyzing module uartrx
INFO: [VRFC 10-2263] Analyzing Verilog file "D:/dds_project_all/deneme4/deneme4.ip_user_files/bd/design_1/ip/design_1_axis_scaler_0_0/sim/design_1_axis_scaler_0_0.v" into library xil_defaultlib
INFO: [VRFC 10-311] analyzing module design_1_axis_scaler_0_0
INFO: [VRFC 10-2263] Analyzing Verilog file "D:/dds_project_all/deneme4/deneme4.ip_user_files/bd/design_1/ip/design_1_dac_controller_0_0/sim/design_1_dac_controller_0_0.v" into library xil_defaultlib
INFO: [VRFC 10-311] analyzing module design_1_dac_controller_0_0
INFO: [VRFC 10-2263] Analyzing Verilog file "D:/dds_project_all/deneme4/deneme4.ip_user_files/bd/design_1/ip/design_1_packet_parser_0_0/sim/design_1_packet_parser_0_0.v" into library xil_defaultlib
INFO: [VRFC 10-311] analyzing module design_1_packet_parser_0_0
INFO: [VRFC 10-2263] Analyzing Verilog file "D:/dds_project_all/deneme4/deneme4.ip_user_files/bd/design_1/ip/design_1_spi_master_ad5791_0_0/sim/design_1_spi_master_ad5791_0_0.v" into library xil_defaultlib
INFO: [VRFC 10-311] analyzing module design_1_spi_master_ad5791_0_0
INFO: [VRFC 10-2263] Analyzing Verilog file "D:/dds_project_all/deneme4/deneme4.ip_user_files/bd/design_1/ip/design_1_uartrx_0_0/sim/design_1_uartrx_0_0.v" into library xil_defaultlib
INFO: [VRFC 10-311] analyzing module design_1_uartrx_0_0
INFO: [VRFC 10-2263] Analyzing Verilog file "D:/dds_project_all/deneme4/deneme4.ip_user_files/bd/design_1/ip/design_1_axis_data_fifo_0_0/sim/design_1_axis_data_fifo_0_0.v" into library xil_defaultlib
INFO: [VRFC 10-311] analyzing module design_1_axis_data_fifo_0_0
INFO: [VRFC 10-2263] Analyzing Verilog file "D:/dds_project_all/deneme4/deneme4.ip_user_files/bd/design_1/ip/design_1_clk_wiz_0_0/design_1_clk_wiz_0_0_clk_wiz.v" into library xil_defaultlib
INFO: [VRFC 10-311] analyzing module design_1_clk_wiz_0_0_clk_wiz
INFO: [VRFC 10-2263] Analyzing Verilog file "D:/dds_project_all/deneme4/deneme4.ip_user_files/bd/design_1/ip/design_1_clk_wiz_0_0/design_1_clk_wiz_0_0.v" into library xil_defaultlib
INFO: [VRFC 10-311] analyzing module design_1_clk_wiz_0_0
INFO: [VRFC 10-2263] Analyzing Verilog file "D:/dds_project_all/deneme4/deneme4.ip_user_files/bd/design_1/ip/design_1_axis_scaler_1_0/sim/design_1_axis_scaler_1_0.v" into library xil_defaultlib
INFO: [VRFC 10-311] analyzing module design_1_axis_scaler_1_0
INFO: [VRFC 10-2263] Analyzing Verilog file "D:/dds_project_all/deneme4/deneme4.ip_user_files/bd/design_1/ip/design_1_axis_data_fifo_1_0/sim/design_1_axis_data_fifo_1_0.v" into library xil_defaultlib
INFO: [VRFC 10-311] analyzing module design_1_axis_data_fifo_1_0
INFO: [VRFC 10-2263] Analyzing Verilog file "D:/dds_project_all/deneme4/deneme4.ip_user_files/bd/design_1/ip/design_1_dac_controller_1_0/sim/design_1_dac_controller_1_0.v" into library xil_defaultlib
INFO: [VRFC 10-311] analyzing module design_1_dac_controller_1_0
INFO: [VRFC 10-2263] Analyzing Verilog file "D:/dds_project_all/deneme4/deneme4.ip_user_files/bd/design_1/ip/design_1_spi_master_ad5791_1_0/sim/design_1_spi_master_ad5791_1_0.v" into library xil_defaultlib
INFO: [VRFC 10-311] analyzing module design_1_spi_master_ad5791_1_0
INFO: [VRFC 10-2263] Analyzing Verilog file "D:/dds_project_all/deneme4/deneme4.ip_user_files/bd/design_1/sim/design_1.v" into library xil_defaultlib
INFO: [VRFC 10-311] analyzing module design_1
INFO: [VRFC 10-2263] Analyzing Verilog file "D:/dds_project_all/deneme4/deneme4.gen/sources_1/bd/design_1/hdl/design_1_wrapper.v" into library xil_defaultlib
INFO: [VRFC 10-311] analyzing module design_1_wrapper
INFO: [VRFC 10-2263] Analyzing Verilog file "D:/dds_project_all/deneme4/deneme4.srcs/sim_1/new/tb_system_sim.v" into library xil_defaultlib
INFO: [VRFC 10-311] analyzing module tb_system_sim
INFO: [VRFC 10-163] Analyzing VHDL file "D:/dds_project_all/deneme4/deneme4.ip_user_files/bd/design_1/ip/design_1_dds_compiler_0_0/sim/design_1_dds_compiler_0_0.vhd" into library xil_defaultlib
INFO: [VRFC 10-3107] analyzing entity 'design_1_dds_compiler_0_0'
INFO: [VRFC 10-163] Analyzing VHDL file "D:/dds_project_all/deneme4/deneme4.ip_user_files/bd/design_1/ip/design_1_proc_sys_reset_0_0/sim/design_1_proc_sys_reset_0_0.vhd" into library xil_defaultlib
INFO: [VRFC 10-3107] analyzing entity 'design_1_proc_sys_reset_0_0'
INFO: [VRFC 10-163] Analyzing VHDL file "D:/dds_project_all/deneme4/deneme4.ip_user_files/bd/design_1/ip/design_1_dds_compiler_1_0/sim/design_1_dds_compiler_1_0.vhd" into library xil_defaultlib
INFO: [VRFC 10-3107] analyzing entity 'design_1_dds_compiler_1_0'
