Vivado Simulator v2023.2
Copyright 1986-2022 Xilinx, Inc. All Rights Reserved.
Copyright 2022-2023 Advanced Micro Devices, Inc. All Rights Reserved.
Running: C:/xiling/Vivado/2023.2/bin/unwrapped/win64.o/xelab.exe --incr --debug typical --relax --mt 2 -L xil_defaultlib -L xbip_utils_v3_0_11 -L axi_utils_v2_0_7 -L xbip_pipe_v3_0_7 -L xbip_bram18k_v3_0_7 -L mult_gen_v12_0_19 -L xbip_dsp48_wrapper_v3_0_5 -L xbip_dsp48_addsub_v3_0_7 -L xbip_dsp48_multadd_v3_0_7 -L dds_compiler_v6_0_23 -L axis_infrastructure_v1_1_1 -L axis_data_fifo_v2_0_11 -L lib_cdc_v1_0_2 -L proc_sys_reset_v5_0_14 -L unisims_ver -L unimacro_ver -L secureip -L xpm --snapshot tb_system_sim_behav xil_defaultlib.tb_system_sim xil_defaultlib.glbl -log elaborate.log 
Using 2 slave threads.
Starting static elaboration
Pass Through NonSizing Optimizer
WARNING: [VRFC 10-5021] port 's_axis_phase_tready' is not connected on this instance [D:/dds_project_all/deneme4/deneme4.ip_user_files/bd/design_1/sim/design_1.v:161]
WARNING: [VRFC 10-5021] port 's_axis_phase_tready' is not connected on this instance [D:/dds_project_all/deneme4/deneme4.ip_user_files/bd/design_1/sim/design_1.v:169]
WARNING: [VRFC 10-5021] port 'mb_reset' is not connected on this instance [D:/dds_project_all/deneme4/deneme4.ip_user_files/bd/design_1/sim/design_1.v:186]
Completed static elaboration
Starting simulation data flow analysis
Completed simulation data flow analysis
Time Resolution for simulation is 1ps
Compiling package std.standard
Compiling package std.textio
Compiling package ieee.std_logic_1164
Compiling package ieee.numeric_std
Compiling package xbip_utils_v3_0_11.xbip_utils_v3_0_11_pkg
Compiling package xbip_utils_v3_0_11.xcc_utils_v3_0
Compiling package dds_compiler_v6_0_23.dds_compiler_v6_0_23_viv_comp
Compiling package ieee.std_logic_arith
Compiling package ieee.std_logic_signed
Compiling package dds_compiler_v6_0_23.pkg_dds_compiler_v6_0_23
Compiling package dds_compiler_v6_0_23.dds_compiler_v6_0_23_hdl_comps
Compiling package xbip_pipe_v3_0_7.xbip_pipe_v3_0_7_viv_comp
Compiling package axi_utils_v2_0_7.axi_utils_v2_0_7_pkg
Compiling package ieee.math_real
Compiling package axi_utils_v2_0_7.global_util_pkg
Compiling package axi_utils_v2_0_7.axi_utils_comps
Compiling package unisim.vcomponents
Compiling package ieee.std_logic_unsigned
Compiling package dds_compiler_v6_0_23.pkg_betas
Compiling package dds_compiler_v6_0_23.pkg_alphas
Compiling package xbip_dsp48_multadd_v3_0_7.xbip_dsp48_multadd_v3_0_7_viv_co...
Compiling package xbip_dsp48_multadd_v3_0_7.xbip_dsp48_multadd_v3_0_7_pkg
Compiling package ieee.vital_timing
Compiling package ieee.vital_primitives
Compiling package unisim.vpkg
Compiling package synopsys.attributes
Compiling package ieee.std_logic_misc
Compiling package xpm.$unit_xpm_cdc_sv_220102727
Compiling package xpm.axi_xil_sb_pkg_xpm_nsu
Compiling package xpm.axi_data_integrity_checker_xpm_n...
Compiling package xpm.xpm_axi_data_integrity_checker_n...
Compiling package xpm.xpm_axi_xil_sb_pkg_nmu
Compiling module axis_infrastructure_v1_1_1.axis_infrastructure_v1_1_1_util_...
Compiling module axis_infrastructure_v1_1_1.axis_infrastructure_v1_1_1_util_...
Compiling module axis_infrastructure_v1_1_1.axis_infrastructure_v1_1_1_util_...
Compiling module xpm.xpm_cdc_sync_rst(INIT=0,INIT_SYN...
Compiling module xpm.xpm_fifo_rst(CDC_DEST_SYNC_FF=3)
Compiling module xpm.xpm_fifo_reg_bit
Compiling module xpm.xpm_counter_updn(COUNTER_WIDTH=1...
Compiling module xpm.xpm_counter_updn(COUNTER_WIDTH=9...
Compiling module xpm.xpm_memory_base(MEMORY_TYPE=1,ME...
Compiling module xpm.xpm_counter_updn(COUNTER_WIDTH=2...
Compiling module xpm.xpm_fifo_base(FIFO_WRITE_DEPTH=5...
Compiling module xpm.xpm_fifo_axis(FIFO_DEPTH=512,USE...
Compiling module axis_data_fifo_v2_0_11.axis_data_fifo_v2_0_11_top(C_FAM...
Compiling module xil_defaultlib.design_1_axis_data_fifo_0_0
Compiling module xil_defaultlib.design_1_axis_data_fifo_1_0
Compiling module xil_defaultlib.axis_scaler
Compiling module xil_defaultlib.design_1_axis_scaler_0_0
Compiling module xil_defaultlib.design_1_axis_scaler_1_0
Compiling module unisims_ver.IBUF
Compiling module unisims_ver.MMCME2_ADV(CLKFBOUT_MULT_F=10.0,...
Compiling module unisims_ver.BUFG
Compiling module xil_defaultlib.design_1_clk_wiz_0_0_clk_wiz
Compiling module xil_defaultlib.design_1_clk_wiz_0_0
Compiling module xil_defaultlib.dac_controller
Compiling module xil_defaultlib.design_1_dac_controller_0_0
Compiling module xil_defaultlib.design_1_dac_controller_1_0
Compiling architecture synth of entity xbip_pipe_v3_0_7.xbip_pipe_v3_0_7_viv [\xbip_pipe_v3_0_7_viv(c_latency=...]
Compiling architecture xilinx of entity axi_utils_v2_0_7.glb_srl_fifo [\glb_srl_fifo(width=64,has_uvpro...]
Compiling architecture xilinx of entity axi_utils_v2_0_7.glb_ifx_slave [\glb_ifx_slave(width=64,has_uvpr...]
Compiling architecture synth of entity xbip_pipe_v3_0_7.xbip_pipe_v3_0_7_viv [\xbip_pipe_v3_0_7_viv(c_latency=...]
Compiling architecture xilinx of entity axi_utils_v2_0_7.glb_srl_fifo [\glb_srl_fifo(width=20,has_uvpro...]
Compiling architecture xilinx of entity axi_utils_v2_0_7.glb_ifx_master [\glb_ifx_master(width=20,afull_t...]
Compiling architecture synth of entity xbip_pipe_v3_0_7.xbip_pipe_v3_0_7_viv [\xbip_pipe_v3_0_7_viv(c_latency=...]
Compiling architecture synth of entity dds_compiler_v6_0_23.dds_compiler_v6_0_23_rdy [\dds_compiler_v6_0_23_rdy(c_has_...]
Compiling architecture synth of entity xbip_pipe_v3_0_7.xbip_pipe_v3_0_7_viv [\xbip_pipe_v3_0_7_viv(c_latency=...]
Compiling architecture synth of entity xbip_pipe_v3_0_7.xbip_pipe_v3_0_7_viv [\xbip_pipe_v3_0_7_viv(c_has_ce=1...]
Compiling architecture synth of entity xbip_pipe_v3_0_7.xbip_pipe_v3_0_7_viv [\xbip_pipe_v3_0_7_viv(c_latency=...]
Compiling architecture synth of entity xbip_pipe_v3_0_7.xbip_pipe_v3_0_7_viv [\xbip_pipe_v3_0_7_viv(c_has_ce=1...]
Compiling architecture synth of entity xbip_pipe_v3_0_7.xbip_pipe_v3_0_7_viv [\xbip_pipe_v3_0_7_viv(c_has_ce=1...]
Compiling architecture synth of entity xbip_pipe_v3_0_7.xbip_pipe_v3_0_7_viv [\xbip_pipe_v3_0_7_viv(c_latency=...]
Compiling architecture synth of entity dds_compiler_v6_0_23.pipe_add [\pipe_add(c_width=32,c_seg_width...]
Compiling architecture synth of entity dds_compiler_v6_0_23.accum [\accum(c_xdevicefamily="artix7",...]
Compiling architecture synth of entity xbip_pipe_v3_0_7.xbip_pipe_v3_0_7_viv [\xbip_pipe_v3_0_7_viv(c_latency=...]
Compiling architecture synth of entity xbip_pipe_v3_0_7.xbip_pipe_v3_0_7_viv [\xbip_pipe_v3_0_7_viv(c_latency=...]
Compiling architecture synth of entity xbip_pipe_v3_0_7.xbip_pipe_v3_0_7_viv [\xbip_pipe_v3_0_7_viv(c_has_ce=1...]
Compiling architecture synth of entity dds_compiler_v6_0_23.sin_cos [\sin_cos(c_xdevicefamily="artix7...]
Compiling architecture dsp48e1_v of entity unisim.DSP48E1 [\DSP48E1(adreg=0,carryinselreg=0...]
Compiling architecture synth of entity xbip_dsp48_wrapper_v3_0_5.xbip_dsp48e1_wrapper_v3_0 [\xbip_dsp48e1_wrapper_v3_0(areg=...]
Compiling architecture synth of entity xbip_dsp48_multadd_v3_0_7.xbip_dsp48_multadd_synth [\xbip_dsp48_multadd_synth(c_xdev...]
Compiling architecture synth of entity xbip_dsp48_multadd_v3_0_7.xbip_dsp48_multadd_v3_0_7_viv [\xbip_dsp48_multadd_v3_0_7_viv(c...]
Compiling architecture synth of entity xbip_pipe_v3_0_7.xbip_pipe_v3_0_7_viv [\xbip_pipe_v3_0_7_viv(c_latency=...]
Compiling architecture synth of entity xbip_pipe_v3_0_7.xbip_pipe_v3_0_7_viv [\xbip_pipe_v3_0_7_viv(c_latency=...]
Compiling architecture synth of entity dds_compiler_v6_0_23.dds_compiler_v6_0_23_eff [\dds_compiler_v6_0_23_eff(c_xdev...]
Compiling architecture synth of entity xbip_pipe_v3_0_7.xbip_pipe_v3_0_7_viv [\xbip_pipe_v3_0_7_viv(c_has_ce=1...]
Compiling architecture synth of entity dds_compiler_v6_0_23.dds_compiler_v6_0_23_core [\dds_compiler_v6_0_23_core(c_xde...]
Compiling architecture synth of entity dds_compiler_v6_0_23.dds_compiler_v6_0_23_viv [\dds_compiler_v6_0_23_viv(c_xdev...]
Compiling architecture xilinx of entity dds_compiler_v6_0_23.dds_compiler_v6_0_23 [\dds_compiler_v6_0_23(c_xdevicef...]
Compiling architecture design_1_dds_compiler_0_0_arch of entity xil_defaultlib.design_1_dds_compiler_0_0 [design_1_dds_compiler_0_0_defaul...]
Compiling architecture design_1_dds_compiler_1_0_arch of entity xil_defaultlib.design_1_dds_compiler_1_0 [design_1_dds_compiler_1_0_defaul...]
Compiling module xil_defaultlib.packet_parser
Compiling module xil_defaultlib.design_1_packet_parser_0_0
Compiling architecture fdre_v of entity unisim.FDRE [fdre_default]
Compiling architecture fdre_v of entity unisim.FDRE [\FDRE(init='1')\]
Compiling architecture fdr_v of entity unisim.FDR [fdr_default]
Compiling architecture implementation of entity lib_cdc_v1_0_2.cdc_sync [\cdc_sync(c_vector_width=2,c_mtb...]
Compiling architecture srl16e_v of entity unisim.SRL16E [\SRL16E(init="1111111111111111")...]
Compiling architecture srl16_v of entity unisim.SRL16 [\SRL16(init="1111111111111111")(...]
Compiling architecture imp of entity proc_sys_reset_v5_0_14.lpf [\lpf(c_ext_rst_width=4,c_aux_rst...]
Compiling architecture imp of entity proc_sys_reset_v5_0_14.upcnt_n [\upcnt_n(c_size=6)\]
Compiling architecture imp of entity proc_sys_reset_v5_0_14.sequence_psr [sequence_psr_default]
Compiling architecture imp of entity proc_sys_reset_v5_0_14.proc_sys_reset [\proc_sys_reset(c_family="artix7...]
Compiling architecture design_1_proc_sys_reset_0_0_arch of entity xil_defaultlib.design_1_proc_sys_reset_0_0 [design_1_proc_sys_reset_0_0_defa...]
Compiling module xil_defaultlib.spi_master_ad5791
Compiling module xil_defaultlib.design_1_spi_master_ad5791_0_0
Compiling module xil_defaultlib.design_1_spi_master_ad5791_1_0
Compiling module xil_defaultlib.uartrx_default
Compiling module xil_defaultlib.design_1_uartrx_0_0
Compiling module xil_defaultlib.design_1
Compiling module xil_defaultlib.design_1_wrapper
Compiling module xil_defaultlib.tb_system_sim
Compiling module xil_defaultlib.glbl
Built simulation snapshot tb_system_sim_behav
