
*** Running vivado
    with args -log design_1_wrapper.vdi -applog -m64 -product Vivado -messageDb vivado.pb -mode batch -source design_1_wrapper.tcl -notrace


ECHO is off.
ECHO is off.

****** Vivado v2023.2 (64-bit)
  **** SW Build 4029153 on Fri Oct 13 20:14:34 MDT 2023
  **** IP Build 4028589 on Sat Oct 14 00:45:43 MDT 2023
  **** SharedData Build 4025554 on Tue Oct 10 17:18:54 MDT 2023
    ** Copyright 1986-2022 Xilinx, Inc. All Rights Reserved.
    ** Copyright 2022-2023 Advanced Micro Devices, Inc. All Rights Reserved.

source design_1_wrapper.tcl -notrace
create_project: Time (s): cpu = 00:00:13 ; elapsed = 00:00:15 . Memory (MB): peak = 505.090 ; gain = 220.078
INFO: [IP_Flow 19-234] Refreshing IP repositories
INFO: [IP_Flow 19-1704] No user IP repositories specified
INFO: [IP_Flow 19-2313] Loaded Vivado IP repository 'C:/xiling/Vivado/2023.2/data/ip'.
Command: link_design -top design_1_wrapper -part xc7a100tcsg324-1
Design is defaulting to srcset: sources_1
Design is defaulting to constrset: constrs_1
INFO: [Device 21-403] Loading part xc7a100tcsg324-1
Netlist sorting complete. Time (s): cpu = 00:00:01 ; elapsed = 00:00:00.098 . Memory (MB): peak = 929.086 ; gain = 0.000
INFO: [Netlist 29-17] Analyzing 55 Unisim elements for replacement
INFO: [Netlist 29-28] Unisim Transformation completed in 0 CPU seconds
INFO: [Project 1-479] Netlist was created with Vivado 2023.2
INFO: [Project 1-570] Preparing netlist for logic optimization
Parsing XDC File [d:/dds_project_all/deneme4/deneme4.gen/sources_1/bd/design_1/ip/design_1_clk_wiz_0_0/design_1_clk_wiz_0_0_board.xdc] for cell 'design_1_i/clk_wiz_0/inst'
Finished Parsing XDC File [d:/dds_project_all/deneme4/deneme4.gen/sources_1/bd/design_1/ip/design_1_clk_wiz_0_0/design_1_clk_wiz_0_0_board.xdc] for cell 'design_1_i/clk_wiz_0/inst'
Parsing XDC File [d:/dds_project_all/deneme4/deneme4.gen/sources_1/bd/design_1/ip/design_1_clk_wiz_0_0/design_1_clk_wiz_0_0.xdc] for cell 'design_1_i/clk_wiz_0/inst'
INFO: [Timing 38-35] Done setting XDC timing constraints. [d:/dds_project_all/deneme4/deneme4.gen/sources_1/bd/design_1/ip/design_1_clk_wiz_0_0/design_1_clk_wiz_0_0.xdc:54]
INFO: [Timing 38-2] Deriving generated clocks [d:/dds_project_all/deneme4/deneme4.gen/sources_1/bd/design_1/ip/design_1_clk_wiz_0_0/design_1_clk_wiz_0_0.xdc:54]
get_clocks: Time (s): cpu = 00:00:12 ; elapsed = 00:00:12 . Memory (MB): peak = 1580.391 ; gain = 522.676
Finished Parsing XDC File [d:/dds_project_all/deneme4/deneme4.gen/sources_1/bd/design_1/ip/design_1_clk_wiz_0_0/design_1_clk_wiz_0_0.xdc] for cell 'design_1_i/clk_wiz_0/inst'
Parsing XDC File [d:/dds_project_all/deneme4/deneme4.gen/sources_1/bd/design_1/ip/design_1_proc_sys_reset_0_0/design_1_proc_sys_reset_0_0_board.xdc] for cell 'design_1_i/proc_sys_reset_0/U0'
Finished Parsing XDC File [d:/dds_project_all/deneme4/deneme4.gen/sources_1/bd/design_1/ip/design_1_proc_sys_reset_0_0/design_1_proc_sys_reset_0_0_board.xdc] for cell 'design_1_i/proc_sys_reset_0/U0'
Parsing XDC File [d:/dds_project_all/deneme4/deneme4.gen/sources_1/bd/design_1/ip/design_1_proc_sys_reset_0_0/design_1_proc_sys_reset_0_0.xdc] for cell 'design_1_i/proc_sys_reset_0/U0'
WARNING: [Vivado_Tcl 4-921] Waiver ID 'CDC-11' -to list should not be empty. [d:/dds_project_all/deneme4/deneme4.gen/sources_1/bd/design_1/ip/design_1_proc_sys_reset_0_0/design_1_proc_sys_reset_0_0.xdc:50]
Finished Parsing XDC File [d:/dds_project_all/deneme4/deneme4.gen/sources_1/bd/design_1/ip/design_1_proc_sys_reset_0_0/design_1_proc_sys_reset_0_0.xdc] for cell 'design_1_i/proc_sys_reset_0/U0'
Parsing XDC File [D:/dds_project_all/deneme4/deneme4.srcs/constrs_1/new/Final.xdc]
Finished Parsing XDC File [D:/dds_project_all/deneme4/deneme4.srcs/constrs_1/new/Final.xdc]
INFO: [Project 1-1714] 4 XPM XDC files have been applied to the design.
INFO: [Opt 31-138] Pushed 0 inverter(s) to 0 load pin(s).
INFO: [Project 1-1687] 1 scoped IP constraints or related sub-commands were skipped due to synthesis logic optimizations usually triggered by constant connectivity or unconnected output pins. To review the skipped constraints and messages, run the command 'set_param netlist.IPMsgFiltering false' before opening the design.
Netlist sorting complete. Time (s): cpu = 00:00:00 ; elapsed = 00:00:00.001 . Memory (MB): peak = 1580.391 ; gain = 0.000
INFO: [Project 1-111] Unisim Transformation Summary:
No Unisim elements were transformed.

The system cannot find the path specified.
14 Infos, 1 Warnings, 0 Critical Warnings and 0 Errors encountered.
link_design completed successfully
link_design: Time (s): cpu = 00:00:24 ; elapsed = 00:00:26 . Memory (MB): peak = 1580.391 ; gain = 1061.746
Command: opt_design
Attempting to get a license for feature 'Implementation' and/or device 'xc7a100t'
INFO: [Common 17-349] Got license for feature 'Implementation' and/or device 'xc7a100t'
Running DRC as a precondition to command opt_design

Starting DRC Task
INFO: [DRC 23-27] Running DRC with 2 threads
INFO: [Project 1-461] DRC finished with 0 Errors
INFO: [Project 1-462] Please refer to the DRC report (report_drc) for more information.

Time (s): cpu = 00:00:03 ; elapsed = 00:00:02 . Memory (MB): peak = 1580.391 ; gain = 0.000

Starting Cache Timing Information Task
INFO: [Timing 38-35] Done setting XDC timing constraints.
Ending Cache Timing Information Task | Checksum: 21201488d

Time (s): cpu = 00:00:01 ; elapsed = 00:00:00.203 . Memory (MB): peak = 1581.242 ; gain = 0.852

Starting Logic Optimization Task

Phase 1 Initialization

Phase 1.1 Core Generation And Design Setup
Phase 1.1 Core Generation And Design Setup | Checksum: 21201488d

Time (s): cpu = 00:00:00 ; elapsed = 00:00:00.004 . Memory (MB): peak = 1937.102 ; gain = 0.000

Phase 1.2 Setup Constraints And Sort Netlist
Phase 1.2 Setup Constraints And Sort Netlist | Checksum: 21201488d

Time (s): cpu = 00:00:00 ; elapsed = 00:00:00.010 . Memory (MB): peak = 1937.102 ; gain = 0.000
Phase 1 Initialization | Checksum: 21201488d

Time (s): cpu = 00:00:00 ; elapsed = 00:00:00.010 . Memory (MB): peak = 1937.102 ; gain = 0.000

Phase 2 Timer Update And Timing Data Collection

Phase 2.1 Timer Update
Phase 2.1 Timer Update | Checksum: 21201488d

Time (s): cpu = 00:00:01 ; elapsed = 00:00:00.133 . Memory (MB): peak = 1937.102 ; gain = 0.000

Phase 2.2 Timing Data Collection
Phase 2.2 Timing Data Collection | Checksum: 21201488d

Time (s): cpu = 00:00:01 ; elapsed = 00:00:00.155 . Memory (MB): peak = 1937.102 ; gain = 0.000
Phase 2 Timer Update And Timing Data Collection | Checksum: 21201488d

Time (s): cpu = 00:00:01 ; elapsed = 00:00:00.155 . Memory (MB): peak = 1937.102 ; gain = 0.000

Phase 3 Retarget
INFO: [Opt 31-138] Pushed 1 inverter(s) to 1 load pin(s).
INFO: [Opt 31-49] Retargeted 0 cell(s).
Phase 3 Retarget | Checksum: 19a21e994

Time (s): cpu = 00:00:01 ; elapsed = 00:00:00.224 . Memory (MB): peak = 1937.102 ; gain = 0.000
Retarget | Checksum: 19a21e994
INFO: [Opt 31-389] Phase Retarget created 0 cells and removed 1 cells
INFO: [Opt 31-1021] In phase Retarget, 1 netlist objects are constrained preventing optimization. Please run opt_design with -debug_log to get more detail. 

Phase 4 Constant propagation
INFO: [Opt 31-138] Pushed 0 inverter(s) to 0 load pin(s).
Phase 4 Constant propagation | Checksum: 138183f0b

Time (s): cpu = 00:00:01 ; elapsed = 00:00:00.283 . Memory (MB): peak = 1937.102 ; gain = 0.000
Constant propagation | Checksum: 138183f0b
INFO: [Opt 31-389] Phase Constant propagation created 0 cells and removed 110 cells

Phase 5 Sweep
Phase 5 Sweep | Checksum: 1b6c4ecc6

Time (s): cpu = 00:00:01 ; elapsed = 00:00:00.423 . Memory (MB): peak = 1937.102 ; gain = 0.000
Sweep | Checksum: 1b6c4ecc6
INFO: [Opt 31-389] Phase Sweep created 0 cells and removed 92 cells

Phase 6 BUFG optimization
Phase 6 BUFG optimization | Checksum: 1b6c4ecc6

Time (s): cpu = 00:00:01 ; elapsed = 00:00:00.505 . Memory (MB): peak = 1937.102 ; gain = 0.000
BUFG optimization | Checksum: 1b6c4ecc6
INFO: [Opt 31-662] Phase BUFG optimization created 0 cells of which 0 are BUFGs and removed 0 cells.

Phase 7 Shift Register Optimization
WARNING: [Opt 31-1131] Can not pull register out from design_1_i/dds_compiler_0/U0/i_synth/has_m_data.i_has_tready.m_data_fifo/fifo0/fifo_1_reg[15][0]_srl16 due to none static srl address bits
WARNING: [Opt 31-1131] Can not pull register out from design_1_i/dds_compiler_0/U0/i_synth/has_m_data.i_has_tready.m_data_fifo/fifo0/fifo_1_reg[15][10]_srl16 due to none static srl address bits
WARNING: [Opt 31-1131] Can not pull register out from design_1_i/dds_compiler_0/U0/i_synth/has_m_data.i_has_tready.m_data_fifo/fifo0/fifo_1_reg[15][11]_srl16 due to none static srl address bits
WARNING: [Opt 31-1131] Can not pull register out from design_1_i/dds_compiler_0/U0/i_synth/has_m_data.i_has_tready.m_data_fifo/fifo0/fifo_1_reg[15][12]_srl16 due to none static srl address bits
WARNING: [Opt 31-1131] Can not pull register out from design_1_i/dds_compiler_0/U0/i_synth/has_m_data.i_has_tready.m_data_fifo/fifo0/fifo_1_reg[15][13]_srl16 due to none static srl address bits
WARNING: [Opt 31-1131] Can not pull register out from design_1_i/dds_compiler_0/U0/i_synth/has_m_data.i_has_tready.m_data_fifo/fifo0/fifo_1_reg[15][14]_srl16 due to none static srl address bits
WARNING: [Opt 31-1131] Can not pull register out from design_1_i/dds_compiler_0/U0/i_synth/has_m_data.i_has_tready.m_data_fifo/fifo0/fifo_1_reg[15][15]_srl16 due to none static srl address bits
WARNING: [Opt 31-1131] Can not pull register out from design_1_i/dds_compiler_0/U0/i_synth/has_m_data.i_has_tready.m_data_fifo/fifo0/fifo_1_reg[15][16]_srl16 due to none static srl address bits
WARNING: [Opt 31-1131] Can not pull register out from design_1_i/dds_compiler_0/U0/i_synth/has_m_data.i_has_tready.m_data_fifo/fifo0/fifo_1_reg[15][17]_srl16 due to none static srl address bits
WARNING: [Opt 31-1131] Can not pull register out from design_1_i/dds_compiler_0/U0/i_synth/has_m_data.i_has_tready.m_data_fifo/fifo0/fifo_1_reg[15][18]_srl16 due to none static srl address bits
WARNING: [Opt 31-1131] Can not pull register out from design_1_i/dds_compiler_0/U0/i_synth/has_m_data.i_has_tready.m_data_fifo/fifo0/fifo_1_reg[15][19]_srl16 due to none static srl address bits
WARNING: [Opt 31-1131] Can not pull register out from design_1_i/dds_compiler_0/U0/i_synth/has_m_data.i_has_tready.m_data_fifo/fifo0/fifo_1_reg[15][1]_srl16 due to none static srl address bits
WARNING: [Opt 31-1131] Can not pull register out from design_1_i/dds_compiler_0/U0/i_synth/has_m_data.i_has_tready.m_data_fifo/fifo0/fifo_1_reg[15][2]_srl16 due to none static srl address bits
WARNING: [Opt 31-1131] Can not pull register out from design_1_i/dds_compiler_0/U0/i_synth/has_m_data.i_has_tready.m_data_fifo/fifo0/fifo_1_reg[15][3]_srl16 due to none static srl address bits
WARNING: [Opt 31-1131] Can not pull register out from design_1_i/dds_compiler_0/U0/i_synth/has_m_data.i_has_tready.m_data_fifo/fifo0/fifo_1_reg[15][4]_srl16 due to none static srl address bits
WARNING: [Opt 31-1131] Can not pull register out from design_1_i/dds_compiler_0/U0/i_synth/has_m_data.i_has_tready.m_data_fifo/fifo0/fifo_1_reg[15][5]_srl16 due to none static srl address bits
WARNING: [Opt 31-1131] Can not pull register out from design_1_i/dds_compiler_0/U0/i_synth/has_m_data.i_has_tready.m_data_fifo/fifo0/fifo_1_reg[15][6]_srl16 due to none static srl address bits
WARNING: [Opt 31-1131] Can not pull register out from design_1_i/dds_compiler_0/U0/i_synth/has_m_data.i_has_tready.m_data_fifo/fifo0/fifo_1_reg[15][7]_srl16 due to none static srl address bits
WARNING: [Opt 31-1131] Can not pull register out from design_1_i/dds_compiler_0/U0/i_synth/has_m_data.i_has_tready.m_data_fifo/fifo0/fifo_1_reg[15][8]_srl16 due to none static srl address bits
WARNING: [Opt 31-1131] Can not pull register out from design_1_i/dds_compiler_0/U0/i_synth/has_m_data.i_has_tready.m_data_fifo/fifo0/fifo_1_reg[15][9]_srl16 due to none static srl address bits
WARNING: [Opt 31-1131] Can not pull register out from design_1_i/dds_compiler_0/U0/i_synth/has_s_phase.i_with_tready.s_phase_fifo/fifo0/fifo_1_reg[15][0]_srl16 due to none static srl address bits
WARNING: [Opt 31-1131] Can not pull register out from design_1_i/dds_compiler_0/U0/i_synth/has_s_phase.i_with_tready.s_phase_fifo/fifo0/fifo_1_reg[15][10]_srl16 due to none static srl address bits
WARNING: [Opt 31-1131] Can not pull register out from design_1_i/dds_compiler_0/U0/i_synth/has_s_phase.i_with_tready.s_phase_fifo/fifo0/fifo_1_reg[15][11]_srl16 due to none static srl address bits
WARNING: [Opt 31-1131] Can not pull register out from design_1_i/dds_compiler_0/U0/i_synth/has_s_phase.i_with_tready.s_phase_fifo/fifo0/fifo_1_reg[15][12]_srl16 due to none static srl address bits
WARNING: [Opt 31-1131] Can not pull register out from design_1_i/dds_compiler_0/U0/i_synth/has_s_phase.i_with_tready.s_phase_fifo/fifo0/fifo_1_reg[15][13]_srl16 due to none static srl address bits
WARNING: [Opt 31-1131] Can not pull register out from design_1_i/dds_compiler_0/U0/i_synth/has_s_phase.i_with_tready.s_phase_fifo/fifo0/fifo_1_reg[15][14]_srl16 due to none static srl address bits
WARNING: [Opt 31-1131] Can not pull register out from design_1_i/dds_compiler_0/U0/i_synth/has_s_phase.i_with_tready.s_phase_fifo/fifo0/fifo_1_reg[15][15]_srl16 due to none static srl address bits
WARNING: [Opt 31-1131] Can not pull register out from design_1_i/dds_compiler_0/U0/i_synth/has_s_phase.i_with_tready.s_phase_fifo/fifo0/fifo_1_reg[15][16]_srl16 due to none static srl address bits
WARNING: [Opt 31-1131] Can not pull register out from design_1_i/dds_compiler_0/U0/i_synth/has_s_phase.i_with_tready.s_phase_fifo/fifo0/fifo_1_reg[15][17]_srl16 due to none static srl address bits
WARNING: [Opt 31-1131] Can not pull register out from design_1_i/dds_compiler_0/U0/i_synth/has_s_phase.i_with_tready.s_phase_fifo/fifo0/fifo_1_reg[15][18]_srl16 due to none static srl address bits
WARNING: [Opt 31-1131] Can not pull register out from design_1_i/dds_compiler_0/U0/i_synth/has_s_phase.i_with_tready.s_phase_fifo/fifo0/fifo_1_reg[15][19]_srl16 due to none static srl address bits
WARNING: [Opt 31-1131] Can not pull register out from design_1_i/dds_compiler_0/U0/i_synth/has_s_phase.i_with_tready.s_phase_fifo/fifo0/fifo_1_reg[15][1]_srl16 due to none static srl address bits
WARNING: [Opt 31-1131] Can not pull register out from design_1_i/dds_compiler_0/U0/i_synth/has_s_phase.i_with_tready.s_phase_fifo/fifo0/fifo_1_reg[15][20]_srl16 due to none static srl address bits
WARNING: [Opt 31-1131] Can not pull register out from design_1_i/dds_compiler_0/U0/i_synth/has_s_phase.i_with_tready.s_phase_fifo/fifo0/fifo_1_reg[15][21]_srl16 due to none static srl address bits
WARNING: [Opt 31-1131] Can not pull register out from design_1_i/dds_compiler_0/U0/i_synth/has_s_phase.i_with_tready.s_phase_fifo/fifo0/fifo_1_reg[15][22]_srl16 due to none static srl address bits
WARNING: [Opt 31-1131] Can not pull register out from design_1_i/dds_compiler_0/U0/i_synth/has_s_phase.i_with_tready.s_phase_fifo/fifo0/fifo_1_reg[15][23]_srl16 due to none static srl address bits
WARNING: [Opt 31-1131] Can not pull register out from design_1_i/dds_compiler_0/U0/i_synth/has_s_phase.i_with_tready.s_phase_fifo/fifo0/fifo_1_reg[15][24]_srl16 due to none static srl address bits
WARNING: [Opt 31-1131] Can not pull register out from design_1_i/dds_compiler_0/U0/i_synth/has_s_phase.i_with_tready.s_phase_fifo/fifo0/fifo_1_reg[15][25]_srl16 due to none static srl address bits
WARNING: [Opt 31-1131] Can not pull register out from design_1_i/dds_compiler_0/U0/i_synth/has_s_phase.i_with_tready.s_phase_fifo/fifo0/fifo_1_reg[15][26]_srl16 due to none static srl address bits
WARNING: [Opt 31-1131] Can not pull register out from design_1_i/dds_compiler_0/U0/i_synth/has_s_phase.i_with_tready.s_phase_fifo/fifo0/fifo_1_reg[15][27]_srl16 due to none static srl address bits
WARNING: [Opt 31-1131] Can not pull register out from design_1_i/dds_compiler_0/U0/i_synth/has_s_phase.i_with_tready.s_phase_fifo/fifo0/fifo_1_reg[15][28]_srl16 due to none static srl address bits
WARNING: [Opt 31-1131] Can not pull register out from design_1_i/dds_compiler_0/U0/i_synth/has_s_phase.i_with_tready.s_phase_fifo/fifo0/fifo_1_reg[15][29]_srl16 due to none static srl address bits
WARNING: [Opt 31-1131] Can not pull register out from design_1_i/dds_compiler_0/U0/i_synth/has_s_phase.i_with_tready.s_phase_fifo/fifo0/fifo_1_reg[15][2]_srl16 due to none static srl address bits
WARNING: [Opt 31-1131] Can not pull register out from design_1_i/dds_compiler_0/U0/i_synth/has_s_phase.i_with_tready.s_phase_fifo/fifo0/fifo_1_reg[15][30]_srl16 due to none static srl address bits
WARNING: [Opt 31-1131] Can not pull register out from design_1_i/dds_compiler_0/U0/i_synth/has_s_phase.i_with_tready.s_phase_fifo/fifo0/fifo_1_reg[15][31]_srl16 due to none static srl address bits
WARNING: [Opt 31-1131] Can not pull register out from design_1_i/dds_compiler_0/U0/i_synth/has_s_phase.i_with_tready.s_phase_fifo/fifo0/fifo_1_reg[15][32]_srl16 due to none static srl address bits
WARNING: [Opt 31-1131] Can not pull register out from design_1_i/dds_compiler_0/U0/i_synth/has_s_phase.i_with_tready.s_phase_fifo/fifo0/fifo_1_reg[15][33]_srl16 due to none static srl address bits
WARNING: [Opt 31-1131] Can not pull register out from design_1_i/dds_compiler_0/U0/i_synth/has_s_phase.i_with_tready.s_phase_fifo/fifo0/fifo_1_reg[15][34]_srl16 due to none static srl address bits
WARNING: [Opt 31-1131] Can not pull register out from design_1_i/dds_compiler_0/U0/i_synth/has_s_phase.i_with_tready.s_phase_fifo/fifo0/fifo_1_reg[15][35]_srl16 due to none static srl address bits
WARNING: [Opt 31-1131] Can not pull register out from design_1_i/dds_compiler_0/U0/i_synth/has_s_phase.i_with_tready.s_phase_fifo/fifo0/fifo_1_reg[15][36]_srl16 due to none static srl address bits
WARNING: [Opt 31-1131] Can not pull register out from design_1_i/dds_compiler_0/U0/i_synth/has_s_phase.i_with_tready.s_phase_fifo/fifo0/fifo_1_reg[15][37]_srl16 due to none static srl address bits
WARNING: [Opt 31-1131] Can not pull register out from design_1_i/dds_compiler_0/U0/i_synth/has_s_phase.i_with_tready.s_phase_fifo/fifo0/fifo_1_reg[15][38]_srl16 due to none static srl address bits
WARNING: [Opt 31-1131] Can not pull register out from design_1_i/dds_compiler_0/U0/i_synth/has_s_phase.i_with_tready.s_phase_fifo/fifo0/fifo_1_reg[15][39]_srl16 due to none static srl address bits
WARNING: [Opt 31-1131] Can not pull register out from design_1_i/dds_compiler_0/U0/i_synth/has_s_phase.i_with_tready.s_phase_fifo/fifo0/fifo_1_reg[15][3]_srl16 due to none static srl address bits
WARNING: [Opt 31-1131] Can not pull register out from design_1_i/dds_compiler_0/U0/i_synth/has_s_phase.i_with_tready.s_phase_fifo/fifo0/fifo_1_reg[15][40]_srl16 due to none static srl address bits
WARNING: [Opt 31-1131] Can not pull register out from design_1_i/dds_compiler_0/U0/i_synth/has_s_phase.i_with_tready.s_phase_fifo/fifo0/fifo_1_reg[15][41]_srl16 due to none static srl address bits
WARNING: [Opt 31-1131] Can not pull register out from design_1_i/dds_compiler_0/U0/i_synth/has_s_phase.i_with_tready.s_phase_fifo/fifo0/fifo_1_reg[15][42]_srl16 due to none static srl address bits
WARNING: [Opt 31-1131] Can not pull register out from design_1_i/dds_compiler_0/U0/i_synth/has_s_phase.i_with_tready.s_phase_fifo/fifo0/fifo_1_reg[15][43]_srl16 due to none static srl address bits
WARNING: [Opt 31-1131] Can not pull register out from design_1_i/dds_compiler_0/U0/i_synth/has_s_phase.i_with_tready.s_phase_fifo/fifo0/fifo_1_reg[15][44]_srl16 due to none static srl address bits
WARNING: [Opt 31-1131] Can not pull register out from design_1_i/dds_compiler_0/U0/i_synth/has_s_phase.i_with_tready.s_phase_fifo/fifo0/fifo_1_reg[15][45]_srl16 due to none static srl address bits
WARNING: [Opt 31-1131] Can not pull register out from design_1_i/dds_compiler_0/U0/i_synth/has_s_phase.i_with_tready.s_phase_fifo/fifo0/fifo_1_reg[15][46]_srl16 due to none static srl address bits
WARNING: [Opt 31-1131] Can not pull register out from design_1_i/dds_compiler_0/U0/i_synth/has_s_phase.i_with_tready.s_phase_fifo/fifo0/fifo_1_reg[15][47]_srl16 due to none static srl address bits
WARNING: [Opt 31-1131] Can not pull register out from design_1_i/dds_compiler_0/U0/i_synth/has_s_phase.i_with_tready.s_phase_fifo/fifo0/fifo_1_reg[15][48]_srl16 due to none static srl address bits
WARNING: [Opt 31-1131] Can not pull register out from design_1_i/dds_compiler_0/U0/i_synth/has_s_phase.i_with_tready.s_phase_fifo/fifo0/fifo_1_reg[15][49]_srl16 due to none static srl address bits
WARNING: [Opt 31-1131] Can not pull register out from design_1_i/dds_compiler_0/U0/i_synth/has_s_phase.i_with_tready.s_phase_fifo/fifo0/fifo_1_reg[15][4]_srl16 due to none static srl address bits
WARNING: [Opt 31-1131] Can not pull register out from design_1_i/dds_compiler_0/U0/i_synth/has_s_phase.i_with_tready.s_phase_fifo/fifo0/fifo_1_reg[15][50]_srl16 due to none static srl address bits
WARNING: [Opt 31-1131] Can not pull register out from design_1_i/dds_compiler_0/U0/i_synth/has_s_phase.i_with_tready.s_phase_fifo/fifo0/fifo_1_reg[15][51]_srl16 due to none static srl address bits
WARNING: [Opt 31-1131] Can not pull register out from design_1_i/dds_compiler_0/U0/i_synth/has_s_phase.i_with_tready.s_phase_fifo/fifo0/fifo_1_reg[15][52]_srl16 due to none static srl address bits
WARNING: [Opt 31-1131] Can not pull register out from design_1_i/dds_compiler_0/U0/i_synth/has_s_phase.i_with_tready.s_phase_fifo/fifo0/fifo_1_reg[15][53]_srl16 due to none static srl address bits
WARNING: [Opt 31-1131] Can not pull register out from design_1_i/dds_compiler_0/U0/i_synth/has_s_phase.i_with_tready.s_phase_fifo/fifo0/fifo_1_reg[15][54]_srl16 due to none static srl address bits
WARNING: [Opt 31-1131] Can not pull register out from design_1_i/dds_compiler_0/U0/i_synth/has_s_phase.i_with_tready.s_phase_fifo/fifo0/fifo_1_reg[15][55]_srl16 due to none static srl address bits
WARNING: [Opt 31-1131] Can not pull register out from design_1_i/dds_compiler_0/U0/i_synth/has_s_phase.i_with_tready.s_phase_fifo/fifo0/fifo_1_reg[15][56]_srl16 due to none static srl address bits
WARNING: [Opt 31-1131] Can not pull register out from design_1_i/dds_compiler_0/U0/i_synth/has_s_phase.i_with_tready.s_phase_fifo/fifo0/fifo_1_reg[15][57]_srl16 due to none static srl address bits
WARNING: [Opt 31-1131] Can not pull register out from design_1_i/dds_compiler_0/U0/i_synth/has_s_phase.i_with_tready.s_phase_fifo/fifo0/fifo_1_reg[15][58]_srl16 due to none static srl address bits
WARNING: [Opt 31-1131] Can not pull register out from design_1_i/dds_compiler_0/U0/i_synth/has_s_phase.i_with_tready.s_phase_fifo/fifo0/fifo_1_reg[15][59]_srl16 due to none static srl address bits
WARNING: [Opt 31-1131] Can not pull register out from design_1_i/dds_compiler_0/U0/i_synth/has_s_phase.i_with_tready.s_phase_fifo/fifo0/fifo_1_reg[15][5]_srl16 due to none static srl address bits
WARNING: [Opt 31-1131] Can not pull register out from design_1_i/dds_compiler_0/U0/i_synth/has_s_phase.i_with_tready.s_phase_fifo/fifo0/fifo_1_reg[15][60]_srl16 due to none static srl address bits
WARNING: [Opt 31-1131] Can not pull register out from design_1_i/dds_compiler_0/U0/i_synth/has_s_phase.i_with_tready.s_phase_fifo/fifo0/fifo_1_reg[15][61]_srl16 due to none static srl address bits
WARNING: [Opt 31-1131] Can not pull register out from design_1_i/dds_compiler_0/U0/i_synth/has_s_phase.i_with_tready.s_phase_fifo/fifo0/fifo_1_reg[15][62]_srl16 due to none static srl address bits
WARNING: [Opt 31-1131] Can not pull register out from design_1_i/dds_compiler_0/U0/i_synth/has_s_phase.i_with_tready.s_phase_fifo/fifo0/fifo_1_reg[15][63]_srl16 due to none static srl address bits
WARNING: [Opt 31-1131] Can not pull register out from design_1_i/dds_compiler_0/U0/i_synth/has_s_phase.i_with_tready.s_phase_fifo/fifo0/fifo_1_reg[15][6]_srl16 due to none static srl address bits
WARNING: [Opt 31-1131] Can not pull register out from design_1_i/dds_compiler_0/U0/i_synth/has_s_phase.i_with_tready.s_phase_fifo/fifo0/fifo_1_reg[15][7]_srl16 due to none static srl address bits
WARNING: [Opt 31-1131] Can not pull register out from design_1_i/dds_compiler_0/U0/i_synth/has_s_phase.i_with_tready.s_phase_fifo/fifo0/fifo_1_reg[15][8]_srl16 due to none static srl address bits
WARNING: [Opt 31-1131] Can not pull register out from design_1_i/dds_compiler_0/U0/i_synth/has_s_phase.i_with_tready.s_phase_fifo/fifo0/fifo_1_reg[15][9]_srl16 due to none static srl address bits
WARNING: [Opt 31-1131] Can not pull register out from design_1_i/dds_compiler_1/U0/i_synth/has_m_data.i_has_tready.m_data_fifo/fifo0/fifo_1_reg[15][0]_srl16 due to none static srl address bits
WARNING: [Opt 31-1131] Can not pull register out from design_1_i/dds_compiler_1/U0/i_synth/has_m_data.i_has_tready.m_data_fifo/fifo0/fifo_1_reg[15][10]_srl16 due to none static srl address bits
WARNING: [Opt 31-1131] Can not pull register out from design_1_i/dds_compiler_1/U0/i_synth/has_m_data.i_has_tready.m_data_fifo/fifo0/fifo_1_reg[15][11]_srl16 due to none static srl address bits
WARNING: [Opt 31-1131] Can not pull register out from design_1_i/dds_compiler_1/U0/i_synth/has_m_data.i_has_tready.m_data_fifo/fifo0/fifo_1_reg[15][12]_srl16 due to none static srl address bits
WARNING: [Opt 31-1131] Can not pull register out from design_1_i/dds_compiler_1/U0/i_synth/has_m_data.i_has_tready.m_data_fifo/fifo0/fifo_1_reg[15][13]_srl16 due to none static srl address bits
WARNING: [Opt 31-1131] Can not pull register out from design_1_i/dds_compiler_1/U0/i_synth/has_m_data.i_has_tready.m_data_fifo/fifo0/fifo_1_reg[15][14]_srl16 due to none static srl address bits
WARNING: [Opt 31-1131] Can not pull register out from design_1_i/dds_compiler_1/U0/i_synth/has_m_data.i_has_tready.m_data_fifo/fifo0/fifo_1_reg[15][15]_srl16 due to none static srl address bits
WARNING: [Opt 31-1131] Can not pull register out from design_1_i/dds_compiler_1/U0/i_synth/has_m_data.i_has_tready.m_data_fifo/fifo0/fifo_1_reg[15][16]_srl16 due to none static srl address bits
WARNING: [Opt 31-1131] Can not pull register out from design_1_i/dds_compiler_1/U0/i_synth/has_m_data.i_has_tready.m_data_fifo/fifo0/fifo_1_reg[15][17]_srl16 due to none static srl address bits
WARNING: [Opt 31-1131] Can not pull register out from design_1_i/dds_compiler_1/U0/i_synth/has_m_data.i_has_tready.m_data_fifo/fifo0/fifo_1_reg[15][18]_srl16 due to none static srl address bits
WARNING: [Opt 31-1131] Can not pull register out from design_1_i/dds_compiler_1/U0/i_synth/has_m_data.i_has_tready.m_data_fifo/fifo0/fifo_1_reg[15][19]_srl16 due to none static srl address bits
WARNING: [Opt 31-1131] Can not pull register out from design_1_i/dds_compiler_1/U0/i_synth/has_m_data.i_has_tready.m_data_fifo/fifo0/fifo_1_reg[15][1]_srl16 due to none static srl address bits
WARNING: [Opt 31-1131] Can not pull register out from design_1_i/dds_compiler_1/U0/i_synth/has_m_data.i_has_tready.m_data_fifo/fifo0/fifo_1_reg[15][2]_srl16 due to none static srl address bits
WARNING: [Opt 31-1131] Can not pull register out from design_1_i/dds_compiler_1/U0/i_synth/has_m_data.i_has_tready.m_data_fifo/fifo0/fifo_1_reg[15][3]_srl16 due to none static srl address bits
WARNING: [Opt 31-1131] Can not pull register out from design_1_i/dds_compiler_1/U0/i_synth/has_m_data.i_has_tready.m_data_fifo/fifo0/fifo_1_reg[15][4]_srl16 due to none static srl address bits
WARNING: [Opt 31-1131] Can not pull register out from design_1_i/dds_compiler_1/U0/i_synth/has_m_data.i_has_tready.m_data_fifo/fifo0/fifo_1_reg[15][5]_srl16 due to none static srl address bits
INFO: [Common 17-14] Message 'Opt 31-1131' appears 100 times and further instances of the messages will be disabled. Use the Tcl command set_msg_config to change the current settings.
INFO: [Opt 31-1064] SRL Remap converted 0 SRLs to 0 registers and converted 0 registers of register chains to 0 SRLs
Phase 7 Shift Register Optimization | Checksum: 1b6c4ecc6

Time (s): cpu = 00:00:01 ; elapsed = 00:00:00.544 . Memory (MB): peak = 1937.102 ; gain = 0.000
Shift Register Optimization | Checksum: 1b6c4ecc6
INFO: [Opt 31-389] Phase Shift Register Optimization created 0 cells and removed 0 cells

Phase 8 Post Processing Netlist
Phase 8 Post Processing Netlist | Checksum: 1b6c4ecc6

Time (s): cpu = 00:00:01 ; elapsed = 00:00:00.554 . Memory (MB): peak = 1937.102 ; gain = 0.000
Post Processing Netlist | Checksum: 1b6c4ecc6
INFO: [Opt 31-389] Phase Post Processing Netlist created 0 cells and removed 0 cells

Phase 9 Finalization

Phase 9.1 Finalizing Design Cores and Updating Shapes
Phase 9.1 Finalizing Design Cores and Updating Shapes | Checksum: 24b47ae93

Time (s): cpu = 00:00:01 ; elapsed = 00:00:00.629 . Memory (MB): peak = 1937.102 ; gain = 0.000

Phase 9.2 Verifying Netlist Connectivity

Starting Connectivity Check Task

Time (s): cpu = 00:00:00 ; elapsed = 00:00:00.004 . Memory (MB): peak = 1937.102 ; gain = 0.000
Phase 9.2 Verifying Netlist Connectivity | Checksum: 24b47ae93

Time (s): cpu = 00:00:01 ; elapsed = 00:00:00.635 . Memory (MB): peak = 1937.102 ; gain = 0.000
Phase 9 Finalization | Checksum: 24b47ae93

Time (s): cpu = 00:00:01 ; elapsed = 00:00:00.635 . Memory (MB): peak = 1937.102 ; gain = 0.000
Opt_design Change Summary
=========================


-------------------------------------------------------------------------------------------------------------------------
|  Phase                        |  #Cells created  |  #Cells Removed  |  #Constrained objects preventing optimizations  |
-------------------------------------------------------------------------------------------------------------------------
|  Retarget                     |               0  |               1  |                                              1  |
|  Constant propagation         |               0  |             110  |                                              0  |
|  Sweep                        |               0  |              92  |                                              0  |
|  BUFG optimization            |               0  |               0  |                                              0  |
|  Shift Register Optimization  |               0  |               0  |                                              0  |
|  Post Processing Netlist      |               0  |               0  |                                              0  |
-------------------------------------------------------------------------------------------------------------------------


Ending Logic Optimization Task | Checksum: 24b47ae93

Time (s): cpu = 00:00:01 ; elapsed = 00:00:00.638 . Memory (MB): peak = 1937.102 ; gain = 0.000
INFO: [Constraints 18-11670] Building netlist checker database with flags, 0x8
Done building netlist checker database: Time (s): cpu = 00:00:00 ; elapsed = 00:00:00.002 . Memory (MB): peak = 1937.102 ; gain = 0.000

Starting Power Optimization Task
INFO: [Pwropt 34-132] Skipping clock gating for clocks with a period < 2.00 ns.
INFO: [Timing 38-35] Done setting XDC timing constraints.
INFO: [Pwropt 34-9] Applying IDT optimizations ...
INFO: [Pwropt 34-10] Applying ODC optimizations ...
Running Vector-less Activity Propagation...

Finished Running Vector-less Activity Propagation


Starting PowerOpt Patch Enables Task
INFO: [Pwropt 34-162] WRITE_MODE attribute of 0 BRAM(s) out of a total of 4 has been updated to save power. Run report_power_opt to get a complete listing of the BRAMs updated.
INFO: [Pwropt 34-201] Structural ODC has moved 2 WE to EN ports
Number of BRAM Ports augmented: 4 newly gated: 2 Total Ports: 8
Ending PowerOpt Patch Enables Task | Checksum: 1dc97d1ca

Time (s): cpu = 00:00:00 ; elapsed = 00:00:00.047 . Memory (MB): peak = 2061.555 ; gain = 0.000
Ending Power Optimization Task | Checksum: 1dc97d1ca

Time (s): cpu = 00:00:03 ; elapsed = 00:00:02 . Memory (MB): peak = 2061.555 ; gain = 124.453

Starting Final Cleanup Task
Ending Final Cleanup Task | Checksum: 1dc97d1ca

Time (s): cpu = 00:00:00 ; elapsed = 00:00:00.001 . Memory (MB): peak = 2061.555 ; gain = 0.000

Starting Netlist Obfuscation Task
Netlist sorting complete. Time (s): cpu = 00:00:00 ; elapsed = 00:00:00.018 . Memory (MB): peak = 2061.555 ; gain = 0.000
Ending Netlist Obfuscation Task | Checksum: 1cd869918

Time (s): cpu = 00:00:00 ; elapsed = 00:00:00.019 . Memory (MB): peak = 2061.555 ; gain = 0.000
INFO: [Common 17-83] Releasing license: Implementation
39 Infos, 101 Warnings, 0 Critical Warnings and 0 Errors encountered.
opt_design completed successfully
opt_design: Time (s): cpu = 00:00:12 ; elapsed = 00:00:10 . Memory (MB): peak = 2061.555 ; gain = 481.164
INFO: [runtcl-4] Executing : report_drc -file design_1_wrapper_drc_opted.rpt -pb design_1_wrapper_drc_opted.pb -rpx design_1_wrapper_drc_opted.rpx
Command: report_drc -file design_1_wrapper_drc_opted.rpt -pb design_1_wrapper_drc_opted.pb -rpx design_1_wrapper_drc_opted.rpx
INFO: [IP_Flow 19-1839] IP Catalog is up to date.
INFO: [DRC 23-27] Running DRC with 2 threads
INFO: [Vivado_Tcl 2-168] The results of DRC are in file D:/dds_project_all/deneme4/deneme4.runs/impl_1/design_1_wrapper_drc_opted.rpt.
report_drc completed successfully
INFO: [Timing 38-480] Writing timing data to binary archive.
Write ShapeDB Complete: Time (s): cpu = 00:00:00 ; elapsed = 00:00:00.009 . Memory (MB): peak = 2061.555 ; gain = 0.000
Wrote PlaceDB: Time (s): cpu = 00:00:00 ; elapsed = 00:00:00.002 . Memory (MB): peak = 2061.555 ; gain = 0.000
Wrote PulsedLatchDB: Time (s): cpu = 00:00:00 ; elapsed = 00:00:00 . Memory (MB): peak = 2061.555 ; gain = 0.000
Writing XDEF routing.
Writing XDEF routing logical nets.
Writing XDEF routing special nets.
Wrote RouteStorage: Time (s): cpu = 00:00:00 ; elapsed = 00:00:00.028 . Memory (MB): peak = 2061.555 ; gain = 0.000
Wrote Netlist Cache: Time (s): cpu = 00:00:00 ; elapsed = 00:00:00 . Memory (MB): peak = 2061.555 ; gain = 0.000
Wrote Device Cache: Time (s): cpu = 00:00:00 ; elapsed = 00:00:00.009 . Memory (MB): peak = 2061.555 ; gain = 0.000
Write Physdb Complete: Time (s): cpu = 00:00:00 ; elapsed = 00:00:00.075 . Memory (MB): peak = 2061.555 ; gain = 0.000
INFO: [Common 17-1381] The checkpoint 'D:/dds_project_all/deneme4/deneme4.runs/impl_1/design_1_wrapper_opt.dcp' has been generated.
Command: place_design
Attempting to get a license for feature 'Implementation' and/or device 'xc7a100t'
INFO: [Common 17-349] Got license for feature 'Implementation' and/or device 'xc7a100t'
INFO: [Common 17-83] Releasing license: Implementation
INFO: [DRC 23-27] Running DRC with 2 threads
INFO: [Vivado_Tcl 4-198] DRC finished with 0 Errors
INFO: [Vivado_Tcl 4-199] Please refer to the DRC report (report_drc) for more information.
Running DRC as a precondition to command place_design
INFO: [DRC 23-27] Running DRC with 2 threads
INFO: [Vivado_Tcl 4-198] DRC finished with 0 Errors, 4 Warnings
INFO: [Vivado_Tcl 4-199] Please refer to the DRC report (report_drc) for more information.
INFO: [Place 30-611] Multithreading enabled for place_design using a maximum of 2 CPUs

Starting Placer Task

Phase 1 Placer Initialization

Phase 1.1 Placer Initialization Netlist Sorting
Netlist sorting complete. Time (s): cpu = 00:00:00 ; elapsed = 00:00:00.001 . Memory (MB): peak = 2061.555 ; gain = 0.000
Phase 1.1 Placer Initialization Netlist Sorting | Checksum: 10aecfcce

Time (s): cpu = 00:00:00 ; elapsed = 00:00:00.013 . Memory (MB): peak = 2061.555 ; gain = 0.000
Netlist sorting complete. Time (s): cpu = 00:00:00 ; elapsed = 00:00:00.001 . Memory (MB): peak = 2061.555 ; gain = 0.000

Phase 1.2 IO Placement/ Clock Placement/ Build Placer Device
INFO: [Timing 38-35] Done setting XDC timing constraints.
Phase 1.2 IO Placement/ Clock Placement/ Build Placer Device | Checksum: 7d07abf2

Time (s): cpu = 00:00:01 ; elapsed = 00:00:00.559 . Memory (MB): peak = 2061.555 ; gain = 0.000

Phase 1.3 Build Placer Netlist Model
Phase 1.3 Build Placer Netlist Model | Checksum: 1464e1a3d

Time (s): cpu = 00:00:02 ; elapsed = 00:00:01 . Memory (MB): peak = 2061.555 ; gain = 0.000

Phase 1.4 Constrain Clocks/Macros
Phase 1.4 Constrain Clocks/Macros | Checksum: 1464e1a3d

Time (s): cpu = 00:00:02 ; elapsed = 00:00:01 . Memory (MB): peak = 2061.555 ; gain = 0.000
Phase 1 Placer Initialization | Checksum: 1464e1a3d

Time (s): cpu = 00:00:02 ; elapsed = 00:00:01 . Memory (MB): peak = 2061.555 ; gain = 0.000

Phase 2 Global Placement

Phase 2.1 Floorplanning
Phase 2.1 Floorplanning | Checksum: 12f186e61

Time (s): cpu = 00:00:02 ; elapsed = 00:00:02 . Memory (MB): peak = 2061.555 ; gain = 0.000

Phase 2.2 Update Timing before SLR Path Opt
Phase 2.2 Update Timing before SLR Path Opt | Checksum: 1b4419a5f

Time (s): cpu = 00:00:03 ; elapsed = 00:00:02 . Memory (MB): peak = 2061.555 ; gain = 0.000

Phase 2.3 Post-Processing in Floorplanning
Phase 2.3 Post-Processing in Floorplanning | Checksum: 1b4419a5f

Time (s): cpu = 00:00:03 ; elapsed = 00:00:02 . Memory (MB): peak = 2061.555 ; gain = 0.000

Phase 2.4 Global Placement Core

Phase 2.4.1 UpdateTiming Before Physical Synthesis
Phase 2.4.1 UpdateTiming Before Physical Synthesis | Checksum: 21c7b08bc

Time (s): cpu = 00:00:09 ; elapsed = 00:00:05 . Memory (MB): peak = 2061.555 ; gain = 0.000

Phase 2.4.2 Physical Synthesis In Placer
INFO: [Physopt 32-1035] Found 0 LUTNM shape to break, 37 LUT instances to create LUTNM shape
INFO: [Physopt 32-1044] Break lutnm for timing: one critical 0, two critical 0, total 0, new lutff created 0
INFO: [Physopt 32-1138] End 1 Pass. Optimized 16 nets or LUTs. Breaked 0 LUT, combined 16 existing LUTs and moved 0 existing LUT
INFO: [Physopt 32-65] No nets found for high-fanout optimization.
INFO: [Physopt 32-232] Optimized 0 net. Created 0 new instance.
INFO: [Physopt 32-775] End 1 Pass. Optimized 0 net or cell. Created 0 new cell, deleted 0 existing cell and moved 0 existing cell
INFO: [Physopt 32-670] No setup violation found.  DSP Register Optimization was not performed.
INFO: [Physopt 32-670] No setup violation found.  Shift Register to Pipeline Optimization was not performed.
INFO: [Physopt 32-670] No setup violation found.  Shift Register Optimization was not performed.
INFO: [Physopt 32-670] No setup violation found.  BRAM Register Optimization was not performed.
INFO: [Physopt 32-670] No setup violation found.  URAM Register Optimization was not performed.
INFO: [Physopt 32-949] No candidate nets found for dynamic/static region interface net replication
INFO: [Physopt 32-775] End 1 Pass. Optimized 0 net or cell. Created 0 new cell, deleted 0 existing cell and moved 0 existing cell
Netlist sorting complete. Time (s): cpu = 00:00:00 ; elapsed = 00:00:00.002 . Memory (MB): peak = 2061.555 ; gain = 0.000

Summary of Physical Synthesis Optimizations
============================================


-----------------------------------------------------------------------------------------------------------------------------------------------------------
|  Optimization                                     |  Added Cells  |  Removed Cells  |  Optimized Cells/Nets  |  Dont Touch  |  Iterations  |  Elapsed   |
-----------------------------------------------------------------------------------------------------------------------------------------------------------
|  LUT Combining                                    |            0  |             16  |                    16  |           0  |           1  |  00:00:00  |
|  Retime                                           |            0  |              0  |                     0  |           0  |           1  |  00:00:00  |
|  Very High Fanout                                 |            0  |              0  |                     0  |           0  |           1  |  00:00:00  |
|  DSP Register                                     |            0  |              0  |                     0  |           0  |           0  |  00:00:00  |
|  Shift Register to Pipeline                       |            0  |              0  |                     0  |           0  |           0  |  00:00:00  |
|  Shift Register                                   |            0  |              0  |                     0  |           0  |           0  |  00:00:00  |
|  BRAM Register                                    |            0  |              0  |                     0  |           0  |           0  |  00:00:00  |
|  URAM Register                                    |            0  |              0  |                     0  |           0  |           0  |  00:00:00  |
|  Dynamic/Static Region Interface Net Replication  |            0  |              0  |                     0  |           0  |           1  |  00:00:00  |
|  Total                                            |            0  |             16  |                    16  |           0  |           4  |  00:00:00  |
-----------------------------------------------------------------------------------------------------------------------------------------------------------


Phase 2.4.2 Physical Synthesis In Placer | Checksum: 277f3b84d

Time (s): cpu = 00:00:10 ; elapsed = 00:00:06 . Memory (MB): peak = 2061.555 ; gain = 0.000
Phase 2.4 Global Placement Core | Checksum: 23d7c0ec5

Time (s): cpu = 00:00:10 ; elapsed = 00:00:06 . Memory (MB): peak = 2061.555 ; gain = 0.000
Phase 2 Global Placement | Checksum: 23d7c0ec5

Time (s): cpu = 00:00:10 ; elapsed = 00:00:06 . Memory (MB): peak = 2061.555 ; gain = 0.000

Phase 3 Detail Placement

Phase 3.1 Commit Multi Column Macros
Phase 3.1 Commit Multi Column Macros | Checksum: 2ab32395a

Time (s): cpu = 00:00:10 ; elapsed = 00:00:06 . Memory (MB): peak = 2061.555 ; gain = 0.000

Phase 3.2 Commit Most Macros & LUTRAMs
Phase 3.2 Commit Most Macros & LUTRAMs | Checksum: 1769cc8f6

Time (s): cpu = 00:00:11 ; elapsed = 00:00:06 . Memory (MB): peak = 2061.555 ; gain = 0.000

Phase 3.3 Area Swap Optimization
Phase 3.3 Area Swap Optimization | Checksum: 13a60af10

Time (s): cpu = 00:00:11 ; elapsed = 00:00:06 . Memory (MB): peak = 2061.555 ; gain = 0.000

Phase 3.4 Pipeline Register Optimization
Phase 3.4 Pipeline Register Optimization | Checksum: 1c116efab

Time (s): cpu = 00:00:11 ; elapsed = 00:00:06 . Memory (MB): peak = 2061.555 ; gain = 0.000

Phase 3.5 Small Shape Detail Placement
Phase 3.5 Small Shape Detail Placement | Checksum: 1d3c49d97

Time (s): cpu = 00:00:12 ; elapsed = 00:00:07 . Memory (MB): peak = 2061.555 ; gain = 0.000

Phase 3.6 Re-assign LUT pins
Phase 3.6 Re-assign LUT pins | Checksum: 22c1c4cf4

Time (s): cpu = 00:00:12 ; elapsed = 00:00:07 . Memory (MB): peak = 2061.555 ; gain = 0.000

Phase 3.7 Pipeline Register Optimization
Phase 3.7 Pipeline Register Optimization | Checksum: 1a64c8317

Time (s): cpu = 00:00:12 ; elapsed = 00:00:07 . Memory (MB): peak = 2061.555 ; gain = 0.000
Phase 3 Detail Placement | Checksum: 1a64c8317

Time (s): cpu = 00:00:12 ; elapsed = 00:00:07 . Memory (MB): peak = 2061.555 ; gain = 0.000

Phase 4 Post Placement Optimization and Clean-Up

Phase 4.1 Post Commit Optimization
INFO: [Timing 38-35] Done setting XDC timing constraints.

Phase 4.1.1 Post Placement Optimization
Post Placement Optimization Initialization | Checksum: c3bea949

Phase 4.1.1.1 BUFG Insertion

Starting Physical Synthesis Task

Phase 1 Physical Synthesis Initialization
INFO: [Physopt 32-721] Multithreading enabled for phys_opt_design using a maximum of 2 CPUs
INFO: [Physopt 32-619] Estimated Timing Summary | WNS=4.986 | TNS=0.000 |
Phase 1 Physical Synthesis Initialization | Checksum: 12bfd22c5

Time (s): cpu = 00:00:01 ; elapsed = 00:00:00.200 . Memory (MB): peak = 2061.555 ; gain = 0.000
INFO: [Place 46-56] BUFG insertion identified 0 candidate nets. Inserted BUFG: 0, Replicated BUFG Driver: 0, Skipped due to Placement/Routing Conflicts: 0, Skipped due to Timing Degradation: 0, Skipped due to netlist editing failed: 0.
Ending Physical Synthesis Task | Checksum: 12bfd22c5

Time (s): cpu = 00:00:01 ; elapsed = 00:00:00.225 . Memory (MB): peak = 2061.555 ; gain = 0.000
Phase 4.1.1.1 BUFG Insertion | Checksum: c3bea949

Time (s): cpu = 00:00:14 ; elapsed = 00:00:08 . Memory (MB): peak = 2061.555 ; gain = 0.000

Phase 4.1.1.2 Post Placement Timing Optimization
INFO: [Place 30-746] Post Placement Timing Summary WNS=4.986. For the most accurate timing information please run report_timing.
Phase 4.1.1.2 Post Placement Timing Optimization | Checksum: 151c678b8

Time (s): cpu = 00:00:14 ; elapsed = 00:00:08 . Memory (MB): peak = 2061.555 ; gain = 0.000

Time (s): cpu = 00:00:14 ; elapsed = 00:00:08 . Memory (MB): peak = 2061.555 ; gain = 0.000
Phase 4.1 Post Commit Optimization | Checksum: 151c678b8

Time (s): cpu = 00:00:14 ; elapsed = 00:00:08 . Memory (MB): peak = 2061.555 ; gain = 0.000

Phase 4.2 Post Placement Cleanup
Phase 4.2 Post Placement Cleanup | Checksum: 151c678b8

Time (s): cpu = 00:00:14 ; elapsed = 00:00:08 . Memory (MB): peak = 2061.555 ; gain = 0.000

Phase 4.3 Placer Reporting

Phase 4.3.1 Print Estimated Congestion
INFO: [Place 30-612] Post-Placement Estimated Congestion 
 ____________________________________________________
|           | Global Congestion | Short Congestion  |
| Direction | Region Size       | Region Size       |
|___________|___________________|___________________|
|      North|                1x1|                1x1|
|___________|___________________|___________________|
|      South|                1x1|                1x1|
|___________|___________________|___________________|
|       East|                1x1|                1x1|
|___________|___________________|___________________|
|       West|                1x1|                1x1|
|___________|___________________|___________________|

Phase 4.3.1 Print Estimated Congestion | Checksum: 151c678b8

Time (s): cpu = 00:00:14 ; elapsed = 00:00:08 . Memory (MB): peak = 2061.555 ; gain = 0.000
Phase 4.3 Placer Reporting | Checksum: 151c678b8

Time (s): cpu = 00:00:14 ; elapsed = 00:00:08 . Memory (MB): peak = 2061.555 ; gain = 0.000

Phase 4.4 Final Placement Cleanup
Netlist sorting complete. Time (s): cpu = 00:00:00 ; elapsed = 00:00:00.001 . Memory (MB): peak = 2061.555 ; gain = 0.000

Time (s): cpu = 00:00:14 ; elapsed = 00:00:08 . Memory (MB): peak = 2061.555 ; gain = 0.000
Phase 4 Post Placement Optimization and Clean-Up | Checksum: 168040c5b

Time (s): cpu = 00:00:14 ; elapsed = 00:00:08 . Memory (MB): peak = 2061.555 ; gain = 0.000
Ending Placer Task | Checksum: 7fa11a1e

Time (s): cpu = 00:00:14 ; elapsed = 00:00:08 . Memory (MB): peak = 2061.555 ; gain = 0.000
74 Infos, 101 Warnings, 0 Critical Warnings and 0 Errors encountered.
place_design completed successfully
place_design: Time (s): cpu = 00:00:17 ; elapsed = 00:00:10 . Memory (MB): peak = 2061.555 ; gain = 0.000
INFO: [runtcl-4] Executing : report_io -file design_1_wrapper_io_placed.rpt
report_io: Time (s): cpu = 00:00:00 ; elapsed = 00:00:00.075 . Memory (MB): peak = 2061.555 ; gain = 0.000
INFO: [runtcl-4] Executing : report_utilization -file design_1_wrapper_utilization_placed.rpt -pb design_1_wrapper_utilization_placed.pb
INFO: [runtcl-4] Executing : report_control_sets -verbose -file design_1_wrapper_control_sets_placed.rpt
report_control_sets: Time (s): cpu = 00:00:00 ; elapsed = 00:00:00.013 . Memory (MB): peak = 2061.555 ; gain = 0.000
INFO: [Timing 38-480] Writing timing data to binary archive.
Write ShapeDB Complete: Time (s): cpu = 00:00:00 ; elapsed = 00:00:00.012 . Memory (MB): peak = 2061.555 ; gain = 0.000
Wrote PlaceDB: Time (s): cpu = 00:00:01 ; elapsed = 00:00:00.175 . Memory (MB): peak = 2061.555 ; gain = 0.000
Wrote PulsedLatchDB: Time (s): cpu = 00:00:00 ; elapsed = 00:00:00 . Memory (MB): peak = 2061.555 ; gain = 0.000
Writing XDEF routing.
Writing XDEF routing logical nets.
Writing XDEF routing special nets.
Wrote RouteStorage: Time (s): cpu = 00:00:00 ; elapsed = 00:00:00.024 . Memory (MB): peak = 2061.555 ; gain = 0.000
Wrote Netlist Cache: Time (s): cpu = 00:00:00 ; elapsed = 00:00:00.004 . Memory (MB): peak = 2061.555 ; gain = 0.000
Wrote Device Cache: Time (s): cpu = 00:00:00 ; elapsed = 00:00:00.010 . Memory (MB): peak = 2061.555 ; gain = 0.000
Write Physdb Complete: Time (s): cpu = 00:00:01 ; elapsed = 00:00:00.248 . Memory (MB): peak = 2061.555 ; gain = 0.000
INFO: [Common 17-1381] The checkpoint 'D:/dds_project_all/deneme4/deneme4.runs/impl_1/design_1_wrapper_placed.dcp' has been generated.
Command: phys_opt_design
Attempting to get a license for feature 'Implementation' and/or device 'xc7a100t'
INFO: [Common 17-349] Got license for feature 'Implementation' and/or device 'xc7a100t'

Starting Initial Update Timing Task

Time (s): cpu = 00:00:01 ; elapsed = 00:00:00.610 . Memory (MB): peak = 2061.555 ; gain = 0.000
INFO: [Vivado_Tcl 4-383] Design worst setup slack (WNS) is greater than or equal to 0.000 ns. Skipping all physical synthesis optimizations.
INFO: [Vivado_Tcl 4-232] No setup violation found. The netlist was not modified.
INFO: [Common 17-83] Releasing license: Implementation
83 Infos, 101 Warnings, 0 Critical Warnings and 0 Errors encountered.
phys_opt_design completed successfully
INFO: [Timing 38-480] Writing timing data to binary archive.
Write ShapeDB Complete: Time (s): cpu = 00:00:00 ; elapsed = 00:00:00.012 . Memory (MB): peak = 2061.555 ; gain = 0.000
Wrote PlaceDB: Time (s): cpu = 00:00:01 ; elapsed = 00:00:00.179 . Memory (MB): peak = 2061.555 ; gain = 0.000
Wrote PulsedLatchDB: Time (s): cpu = 00:00:00 ; elapsed = 00:00:00 . Memory (MB): peak = 2061.555 ; gain = 0.000
Writing XDEF routing.
Writing XDEF routing logical nets.
Writing XDEF routing special nets.
Wrote RouteStorage: Time (s): cpu = 00:00:00 ; elapsed = 00:00:00.026 . Memory (MB): peak = 2061.555 ; gain = 0.000
Wrote Netlist Cache: Time (s): cpu = 00:00:00 ; elapsed = 00:00:00.004 . Memory (MB): peak = 2061.555 ; gain = 0.000
Wrote Device Cache: Time (s): cpu = 00:00:00 ; elapsed = 00:00:00.010 . Memory (MB): peak = 2061.555 ; gain = 0.000
Write Physdb Complete: Time (s): cpu = 00:00:01 ; elapsed = 00:00:00.252 . Memory (MB): peak = 2061.555 ; gain = 0.000
INFO: [Common 17-1381] The checkpoint 'D:/dds_project_all/deneme4/deneme4.runs/impl_1/design_1_wrapper_physopt.dcp' has been generated.
Command: route_design
Attempting to get a license for feature 'Implementation' and/or device 'xc7a100t'
INFO: [Common 17-349] Got license for feature 'Implementation' and/or device 'xc7a100t'
Running DRC as a precondition to command route_design
INFO: [DRC 23-27] Running DRC with 2 threads
INFO: [Vivado_Tcl 4-198] DRC finished with 0 Errors
INFO: [Vivado_Tcl 4-199] Please refer to the DRC report (report_drc) for more information.


Starting Routing Task
INFO: [Route 35-254] Multithreading enabled for route_design using a maximum of 8 CPUs

Phase 1 Build RT Design
Checksum: PlaceDB: 61ed8364 ConstDB: 0 ShapeSum: 1db396ba RouteDB: 0
Post Restoration Checksum: NetGraph: cbda4876 | NumContArr: 210e42b3 | Constraints: c2a8fa9d | Timing: c2a8fa9d
Phase 1 Build RT Design | Checksum: 2723a8063

Time (s): cpu = 00:00:51 ; elapsed = 00:00:47 . Memory (MB): peak = 2120.480 ; gain = 58.926

Phase 2 Router Initialization

Phase 2.1 Fix Topology Constraints
Phase 2.1 Fix Topology Constraints | Checksum: 2723a8063

Time (s): cpu = 00:00:51 ; elapsed = 00:00:47 . Memory (MB): peak = 2120.480 ; gain = 58.926

Phase 2.2 Pre Route Cleanup
Phase 2.2 Pre Route Cleanup | Checksum: 2723a8063

Time (s): cpu = 00:00:51 ; elapsed = 00:00:47 . Memory (MB): peak = 2120.480 ; gain = 58.926
 Number of Nodes with overlaps = 0

Phase 2.3 Update Timing
Phase 2.3 Update Timing | Checksum: 1d3d19b25

Time (s): cpu = 00:00:53 ; elapsed = 00:00:48 . Memory (MB): peak = 2186.773 ; gain = 125.219
INFO: [Route 35-416] Intermediate Timing Summary | WNS=4.954  | TNS=0.000  | WHS=-0.316 | THS=-146.024|


Router Utilization Summary
  Global Vertical Routing Utilization    = 0 %
  Global Horizontal Routing Utilization  = 0 %
  Routable Net Status*
  *Does not include unroutable nets such as driverless and loadless.
  Run report_route_status for detailed report.
  Number of Failed Nets               = 1562
    (Failed Nets is the sum of unrouted and partially routed nets)
  Number of Unrouted Nets             = 1562
  Number of Partially Routed Nets     = 0
  Number of Node Overlaps             = 0

Phase 2 Router Initialization | Checksum: 21376dd4f

Time (s): cpu = 00:00:55 ; elapsed = 00:00:49 . Memory (MB): peak = 2197.531 ; gain = 135.977

Phase 3 Initial Routing

Phase 3.1 Global Routing
Phase 3.1 Global Routing | Checksum: 21376dd4f

Time (s): cpu = 00:00:55 ; elapsed = 00:00:49 . Memory (MB): peak = 2197.531 ; gain = 135.977

Phase 3.2 Initial Net Routing
Phase 3.2 Initial Net Routing | Checksum: 27037d902

Time (s): cpu = 00:00:56 ; elapsed = 00:00:49 . Memory (MB): peak = 2197.531 ; gain = 135.977
Phase 3 Initial Routing | Checksum: 27037d902

Time (s): cpu = 00:00:56 ; elapsed = 00:00:49 . Memory (MB): peak = 2197.531 ; gain = 135.977

Phase 4 Rip-up And Reroute

Phase 4.1 Global Iteration 0
 Number of Nodes with overlaps = 61
 Number of Nodes with overlaps = 2
 Number of Nodes with overlaps = 1
 Number of Nodes with overlaps = 1
 Number of Nodes with overlaps = 0
INFO: [Route 35-416] Intermediate Timing Summary | WNS=4.902  | TNS=0.000  | WHS=N/A    | THS=N/A    |

Phase 4.1 Global Iteration 0 | Checksum: 2d916df81

Time (s): cpu = 00:00:57 ; elapsed = 00:00:50 . Memory (MB): peak = 2197.531 ; gain = 135.977
Phase 4 Rip-up And Reroute | Checksum: 2d916df81

Time (s): cpu = 00:00:57 ; elapsed = 00:00:50 . Memory (MB): peak = 2197.531 ; gain = 135.977

Phase 5 Delay and Skew Optimization

Phase 5.1 Delay CleanUp

Phase 5.1.1 Update Timing
Phase 5.1.1 Update Timing | Checksum: 346f9b8e1

Time (s): cpu = 00:00:57 ; elapsed = 00:00:50 . Memory (MB): peak = 2197.531 ; gain = 135.977
INFO: [Route 35-416] Intermediate Timing Summary | WNS=4.982  | TNS=0.000  | WHS=N/A    | THS=N/A    |

Phase 5.1 Delay CleanUp | Checksum: 346f9b8e1

Time (s): cpu = 00:00:57 ; elapsed = 00:00:50 . Memory (MB): peak = 2197.531 ; gain = 135.977

Phase 5.2 Clock Skew Optimization
Phase 5.2 Clock Skew Optimization | Checksum: 346f9b8e1

Time (s): cpu = 00:00:57 ; elapsed = 00:00:50 . Memory (MB): peak = 2197.531 ; gain = 135.977
Phase 5 Delay and Skew Optimization | Checksum: 346f9b8e1

Time (s): cpu = 00:00:57 ; elapsed = 00:00:50 . Memory (MB): peak = 2197.531 ; gain = 135.977

Phase 6 Post Hold Fix

Phase 6.1 Hold Fix Iter

Phase 6.1.1 Update Timing
Phase 6.1.1 Update Timing | Checksum: 2c5d79d66

Time (s): cpu = 00:00:58 ; elapsed = 00:00:50 . Memory (MB): peak = 2197.531 ; gain = 135.977
INFO: [Route 35-416] Intermediate Timing Summary | WNS=4.982  | TNS=0.000  | WHS=0.023  | THS=0.000  |

Phase 6.1 Hold Fix Iter | Checksum: 2ee639762

Time (s): cpu = 00:00:58 ; elapsed = 00:00:50 . Memory (MB): peak = 2197.531 ; gain = 135.977
Phase 6 Post Hold Fix | Checksum: 2ee639762

Time (s): cpu = 00:00:58 ; elapsed = 00:00:50 . Memory (MB): peak = 2197.531 ; gain = 135.977

Phase 7 Route finalize

Router Utilization Summary
  Global Vertical Routing Utilization    = 0.168038 %
  Global Horizontal Routing Utilization  = 0.215047 %
  Routable Net Status*
  *Does not include unroutable nets such as driverless and loadless.
  Run report_route_status for detailed report.
  Number of Failed Nets               = 0
    (Failed Nets is the sum of unrouted and partially routed nets)
  Number of Unrouted Nets             = 0
  Number of Partially Routed Nets     = 0
  Number of Node Overlaps             = 0

Phase 7 Route finalize | Checksum: 2ee639762

Time (s): cpu = 00:00:58 ; elapsed = 00:00:51 . Memory (MB): peak = 2197.531 ; gain = 135.977

Phase 8 Verifying routed nets

 Verification completed successfully
Phase 8 Verifying routed nets | Checksum: 2ee639762

Time (s): cpu = 00:00:58 ; elapsed = 00:00:51 . Memory (MB): peak = 2197.531 ; gain = 135.977

Phase 9 Depositing Routes
Phase 9 Depositing Routes | Checksum: 2e3751020

Time (s): cpu = 00:00:58 ; elapsed = 00:00:51 . Memory (MB): peak = 2197.531 ; gain = 135.977

Phase 10 Post Router Timing
INFO: [Route 35-57] Estimated Timing Summary | WNS=4.982  | TNS=0.000  | WHS=0.023  | THS=0.000  |

INFO: [Route 35-327] The final timing numbers are based on the router estimated timing analysis. For a complete and accurate timing signoff, please run report_timing_summary.
Phase 10 Post Router Timing | Checksum: 2e3751020

Time (s): cpu = 00:00:59 ; elapsed = 00:00:51 . Memory (MB): peak = 2197.531 ; gain = 135.977
INFO: [Route 35-16] Router Completed Successfully

Phase 11 Post-Route Event Processing
Phase 11 Post-Route Event Processing | Checksum: 9c0bd924

Time (s): cpu = 00:00:59 ; elapsed = 00:00:51 . Memory (MB): peak = 2197.531 ; gain = 135.977
Ending Routing Task | Checksum: 9c0bd924

Time (s): cpu = 00:00:59 ; elapsed = 00:00:51 . Memory (MB): peak = 2197.531 ; gain = 135.977

Routing Is Done.
INFO: [Common 17-83] Releasing license: Implementation
98 Infos, 101 Warnings, 0 Critical Warnings and 0 Errors encountered.
route_design completed successfully
route_design: Time (s): cpu = 00:01:02 ; elapsed = 00:00:53 . Memory (MB): peak = 2197.531 ; gain = 135.977
INFO: [runtcl-4] Executing : report_drc -file design_1_wrapper_drc_routed.rpt -pb design_1_wrapper_drc_routed.pb -rpx design_1_wrapper_drc_routed.rpx
Command: report_drc -file design_1_wrapper_drc_routed.rpt -pb design_1_wrapper_drc_routed.pb -rpx design_1_wrapper_drc_routed.rpx
INFO: [IP_Flow 19-1839] IP Catalog is up to date.
INFO: [DRC 23-27] Running DRC with 2 threads
INFO: [Vivado_Tcl 2-168] The results of DRC are in file D:/dds_project_all/deneme4/deneme4.runs/impl_1/design_1_wrapper_drc_routed.rpt.
report_drc completed successfully
INFO: [runtcl-4] Executing : report_methodology -file design_1_wrapper_methodology_drc_routed.rpt -pb design_1_wrapper_methodology_drc_routed.pb -rpx design_1_wrapper_methodology_drc_routed.rpx
Command: report_methodology -file design_1_wrapper_methodology_drc_routed.rpt -pb design_1_wrapper_methodology_drc_routed.pb -rpx design_1_wrapper_methodology_drc_routed.rpx
INFO: [Timing 38-35] Done setting XDC timing constraints.
INFO: [DRC 23-133] Running Methodology with 2 threads
INFO: [Vivado_Tcl 2-1520] The results of Report Methodology are in file D:/dds_project_all/deneme4/deneme4.runs/impl_1/design_1_wrapper_methodology_drc_routed.rpt.
report_methodology completed successfully
INFO: [runtcl-4] Executing : report_power -file design_1_wrapper_power_routed.rpt -pb design_1_wrapper_power_summary_routed.pb -rpx design_1_wrapper_power_routed.rpx
Command: report_power -file design_1_wrapper_power_routed.rpt -pb design_1_wrapper_power_summary_routed.pb -rpx design_1_wrapper_power_routed.rpx
INFO: [Timing 38-35] Done setting XDC timing constraints.
Running Vector-less Activity Propagation...

Finished Running Vector-less Activity Propagation
108 Infos, 101 Warnings, 0 Critical Warnings and 0 Errors encountered.
report_power completed successfully
INFO: [runtcl-4] Executing : report_route_status -file design_1_wrapper_route_status.rpt -pb design_1_wrapper_route_status.pb
INFO: [runtcl-4] Executing : report_timing_summary -max_paths 10 -report_unconstrained -file design_1_wrapper_timing_summary_routed.rpt -pb design_1_wrapper_timing_summary_routed.pb -rpx design_1_wrapper_timing_summary_routed.rpx -warn_on_violation 
INFO: [Timing 38-91] UpdateTimingParams: Speed grade: -1, Delay Type: min_max.
INFO: [Timing 38-191] Multithreading enabled for timing update using a maximum of 2 CPUs
INFO: [runtcl-4] Executing : report_incremental_reuse -file design_1_wrapper_incremental_reuse_routed.rpt
INFO: [Vivado_Tcl 4-1062] Incremental flow is disabled. No incremental reuse Info to report.
INFO: [runtcl-4] Executing : report_clock_utilization -file design_1_wrapper_clock_utilization_routed.rpt
INFO: [runtcl-4] Executing : report_bus_skew -warn_on_violation -file design_1_wrapper_bus_skew_routed.rpt -pb design_1_wrapper_bus_skew_routed.pb -rpx design_1_wrapper_bus_skew_routed.rpx
INFO: [Timing 38-91] UpdateTimingParams: Speed grade: -1, Delay Type: min_max.
INFO: [Timing 38-191] Multithreading enabled for timing update using a maximum of 2 CPUs
INFO: [Timing 38-480] Writing timing data to binary archive.
Write ShapeDB Complete: Time (s): cpu = 00:00:00 ; elapsed = 00:00:00.024 . Memory (MB): peak = 2197.531 ; gain = 0.000
Wrote PlaceDB: Time (s): cpu = 00:00:01 ; elapsed = 00:00:00.198 . Memory (MB): peak = 2197.531 ; gain = 0.000
Wrote PulsedLatchDB: Time (s): cpu = 00:00:00 ; elapsed = 00:00:00 . Memory (MB): peak = 2197.531 ; gain = 0.000
Writing XDEF routing.
Writing XDEF routing logical nets.
Writing XDEF routing special nets.
Wrote RouteStorage: Time (s): cpu = 00:00:00 ; elapsed = 00:00:00.053 . Memory (MB): peak = 2197.531 ; gain = 0.000
Wrote Netlist Cache: Time (s): cpu = 00:00:00 ; elapsed = 00:00:00.003 . Memory (MB): peak = 2197.531 ; gain = 0.000
Wrote Device Cache: Time (s): cpu = 00:00:00 ; elapsed = 00:00:00.010 . Memory (MB): peak = 2197.531 ; gain = 0.000
Write Physdb Complete: Time (s): cpu = 00:00:01 ; elapsed = 00:00:00.299 . Memory (MB): peak = 2197.531 ; gain = 0.000
INFO: [Common 17-1381] The checkpoint 'D:/dds_project_all/deneme4/deneme4.runs/impl_1/design_1_wrapper_routed.dcp' has been generated.
INFO: [Memdata 28-208] The XPM instance: <design_1_i/axis_data_fifo_1/inst/gen_fifo.xpm_fifo_axis_inst/xpm_fifo_base_inst/gen_sdpram.xpm_memory_base_inst> is part of IP: <design_1_i/axis_data_fifo_1>. This XPM instance will be excluded from the .mmi because updatemem is prohibited from making changes to an XPM that is part of an IP.
INFO: [Memdata 28-208] The XPM instance: <design_1_i/axis_data_fifo_0/inst/gen_fifo.xpm_fifo_axis_inst/xpm_fifo_base_inst/gen_sdpram.xpm_memory_base_inst> is part of IP: <design_1_i/axis_data_fifo_0>. This XPM instance will be excluded from the .mmi because updatemem is prohibited from making changes to an XPM that is part of an IP.
Command: write_bitstream -force design_1_wrapper.bit
Attempting to get a license for feature 'Implementation' and/or device 'xc7a100t'
INFO: [Common 17-349] Got license for feature 'Implementation' and/or device 'xc7a100t'
Running DRC as a precondition to command write_bitstream
INFO: [IP_Flow 19-1839] IP Catalog is up to date.
INFO: [DRC 23-27] Running DRC with 2 threads
WARNING: [DRC REQP-1839] RAMB36 async control check: The RAMB36E1 design_1_i/axis_data_fifo_0/inst/gen_fifo.xpm_fifo_axis_inst/xpm_fifo_base_inst/gen_sdpram.xpm_memory_base_inst/gen_wr_a.gen_word_narrow.mem_reg has an input control pin design_1_i/axis_data_fifo_0/inst/gen_fifo.xpm_fifo_axis_inst/xpm_fifo_base_inst/gen_sdpram.xpm_memory_base_inst/gen_wr_a.gen_word_narrow.mem_reg/ENARDEN (net: design_1_i/axis_data_fifo_0/inst/gen_fifo.xpm_fifo_axis_inst/xpm_fifo_base_inst/gen_sdpram.xpm_memory_base_inst/enb) which is driven by a register (design_1_i/dac_controller_0/inst/FSM_onehot_state_reg[2]) that has an active asychronous set or reset. This may cause corruption of the memory contents and/or read values when the set/reset is asserted and is not analyzed by the default static timing analysis. It is suggested to eliminate the use of a set/reset to registers driving this RAMB pin or else use a synchronous reset in which the assertion of the reset is timed by default.
WARNING: [DRC REQP-1839] RAMB36 async control check: The RAMB36E1 design_1_i/axis_data_fifo_0/inst/gen_fifo.xpm_fifo_axis_inst/xpm_fifo_base_inst/gen_sdpram.xpm_memory_base_inst/gen_wr_a.gen_word_narrow.mem_reg has an input control pin design_1_i/axis_data_fifo_0/inst/gen_fifo.xpm_fifo_axis_inst/xpm_fifo_base_inst/gen_sdpram.xpm_memory_base_inst/gen_wr_a.gen_word_narrow.mem_reg/ENARDEN (net: design_1_i/axis_data_fifo_0/inst/gen_fifo.xpm_fifo_axis_inst/xpm_fifo_base_inst/gen_sdpram.xpm_memory_base_inst/enb) which is driven by a register (design_1_i/spi_master_ad5791_0/inst/s_axis_tready_reg) that has an active asychronous set or reset. This may cause corruption of the memory contents and/or read values when the set/reset is asserted and is not analyzed by the default static timing analysis. It is suggested to eliminate the use of a set/reset to registers driving this RAMB pin or else use a synchronous reset in which the assertion of the reset is timed by default.
WARNING: [DRC REQP-1839] RAMB36 async control check: The RAMB36E1 design_1_i/axis_data_fifo_1/inst/gen_fifo.xpm_fifo_axis_inst/xpm_fifo_base_inst/gen_sdpram.xpm_memory_base_inst/gen_wr_a.gen_word_narrow.mem_reg has an input control pin design_1_i/axis_data_fifo_1/inst/gen_fifo.xpm_fifo_axis_inst/xpm_fifo_base_inst/gen_sdpram.xpm_memory_base_inst/gen_wr_a.gen_word_narrow.mem_reg/ENARDEN (net: design_1_i/axis_data_fifo_1/inst/gen_fifo.xpm_fifo_axis_inst/xpm_fifo_base_inst/gen_sdpram.xpm_memory_base_inst/enb) which is driven by a register (design_1_i/dac_controller_1/inst/FSM_onehot_state_reg[2]) that has an active asychronous set or reset. This may cause corruption of the memory contents and/or read values when the set/reset is asserted and is not analyzed by the default static timing analysis. It is suggested to eliminate the use of a set/reset to registers driving this RAMB pin or else use a synchronous reset in which the assertion of the reset is timed by default.
WARNING: [DRC REQP-1839] RAMB36 async control check: The RAMB36E1 design_1_i/axis_data_fifo_1/inst/gen_fifo.xpm_fifo_axis_inst/xpm_fifo_base_inst/gen_sdpram.xpm_memory_base_inst/gen_wr_a.gen_word_narrow.mem_reg has an input control pin design_1_i/axis_data_fifo_1/inst/gen_fifo.xpm_fifo_axis_inst/xpm_fifo_base_inst/gen_sdpram.xpm_memory_base_inst/gen_wr_a.gen_word_narrow.mem_reg/ENARDEN (net: design_1_i/axis_data_fifo_1/inst/gen_fifo.xpm_fifo_axis_inst/xpm_fifo_base_inst/gen_sdpram.xpm_memory_base_inst/enb) which is driven by a register (design_1_i/spi_master_ad5791_1/inst/s_axis_tready_reg) that has an active asychronous set or reset. This may cause corruption of the memory contents and/or read values when the set/reset is asserted and is not analyzed by the default static timing analysis. It is suggested to eliminate the use of a set/reset to registers driving this RAMB pin or else use a synchronous reset in which the assertion of the reset is timed by default.
INFO: [DRC AVAL-4] enum_USE_DPORT_FALSE_enum_DREG_ADREG_0_connects_CED_CEAD_RSTD_GND: design_1_i/dds_compiler_0/U0/i_synth/i_dds/I_SINCOS.i_comp_eff.i_eff/MULT_PI_U/i_synth_option.i_synth_model/opt_vx7.i_uniwrap/i_primitive: DSP48E1 is not using the D port (USE_DPORT = FALSE). For improved power characteristics, set DREG and ADREG to '1', tie CED, CEAD, and RSTD to logic '0'.
INFO: [DRC AVAL-4] enum_USE_DPORT_FALSE_enum_DREG_ADREG_0_connects_CED_CEAD_RSTD_GND: design_1_i/dds_compiler_0/U0/i_synth/i_dds/I_SINCOS.i_comp_eff.i_eff/S1_SIN_U/i_synth_option.i_synth_model/opt_vx7.i_uniwrap/i_primitive: DSP48E1 is not using the D port (USE_DPORT = FALSE). For improved power characteristics, set DREG and ADREG to '1', tie CED, CEAD, and RSTD to logic '0'.
INFO: [DRC AVAL-4] enum_USE_DPORT_FALSE_enum_DREG_ADREG_0_connects_CED_CEAD_RSTD_GND: design_1_i/dds_compiler_1/U0/i_synth/i_dds/I_SINCOS.i_comp_eff.i_eff/MULT_PI_U/i_synth_option.i_synth_model/opt_vx7.i_uniwrap/i_primitive: DSP48E1 is not using the D port (USE_DPORT = FALSE). For improved power characteristics, set DREG and ADREG to '1', tie CED, CEAD, and RSTD to logic '0'.
INFO: [DRC AVAL-4] enum_USE_DPORT_FALSE_enum_DREG_ADREG_0_connects_CED_CEAD_RSTD_GND: design_1_i/dds_compiler_1/U0/i_synth/i_dds/I_SINCOS.i_comp_eff.i_eff/S1_SIN_U/i_synth_option.i_synth_model/opt_vx7.i_uniwrap/i_primitive: DSP48E1 is not using the D port (USE_DPORT = FALSE). For improved power characteristics, set DREG and ADREG to '1', tie CED, CEAD, and RSTD to logic '0'.
INFO: [Vivado 12-3199] DRC finished with 0 Errors, 4 Warnings, 4 Advisories
INFO: [Vivado 12-3200] Please refer to the DRC report (report_drc) for more information.
INFO: [Designutils 20-2272] Running write_bitstream with 2 threads.
Loading data files...
Loading site data...
Loading route data...
Processing options...
Creating bitmap...
Creating bitstream...
Writing bitstream ./design_1_wrapper.bit...
INFO: [Vivado 12-1842] Bitgen Completed Successfully.
INFO: [Project 1-1876] WebTalk data collection is mandatory when using a ULT device. To see the specific WebTalk data collected for your design, open the usage_statistics_webtalk.html or usage_statistics_webtalk.xml file in the implementation directory.
INFO: [Common 17-83] Releasing license: Implementation
20 Infos, 4 Warnings, 0 Critical Warnings and 0 Errors encountered.
write_bitstream completed successfully
write_bitstream: Time (s): cpu = 00:00:23 ; elapsed = 00:00:20 . Memory (MB): peak = 2595.375 ; gain = 397.844
INFO: [Common 17-206] Exiting Vivado at Thu Jan  8 14:27:22 2026...
